mode: atomic
github.com/Golangcodes/nextdeploy/cli/internal/serverless/aws.go:277.57,279.15 2 0
github.com/Golangcodes/nextdeploy/cli/internal/serverless/aws.go:279.15,281.3 1 0
github.com/Golangcodes/nextdeploy/cli/internal/serverless/aws.go:282.2,282.59 1 0
github.com/Golangcodes/nextdeploy/cli/internal/serverless/aws.go:285.48,290.2 1 2
github.com/Golangcodes/nextdeploy/cli/internal/serverless/aws.go:293.67,294.15 1 0
github.com/Golangcodes/nextdeploy/cli/internal/serverless/aws.go:294.15,296.3 1 0
github.com/Golangcodes/nextdeploy/cli/internal/serverless/aws.go:299.56,302.16 3 0
github.com/Golangcodes/nextdeploy/cli/internal/serverless/aws.go:302.16,304.3 1 0
github.com/Golangcodes/nextdeploy/cli/internal/serverless/aws.go:306.2,316.16 6 0
github.com/Golangcodes/nextdeploy/cli/internal/serverless/aws.go:316.16,318.3 1 0
github.com/Golangcodes/nextdeploy/cli/internal/serverless/aws.go:320.2,321.16 2 0
github.com/Golangcodes/nextdeploy/cli/internal/serverless/aws.go:321.16,323.3 1 0
github.com/Golangcodes/nextdeploy/cli/internal/serverless/aws.go:325.2,326.16 2 0
github.com/Golangcodes/nextdeploy/cli/internal/serverless/aws.go:326.16,328.3 1 0
github.com/Golangcodes/nextdeploy/cli/internal/serverless/aws.go:330.2,330.25 1 0
github.com/Golangcodes/nextdeploy/cli/internal/serverless/aws.go:333.96,342.49 5 0
github.com/Golangcodes/nextdeploy/cli/internal/serverless/aws.go:342.49,344.3 1 0
github.com/Golangcodes/nextdeploy/cli/internal/serverless/aws.go:345.2,345.18 1 0
github.com/Golangcodes/nextdeploy/cli/internal/serverless/aws.go:345.18,347.3 1 0
github.com/Golangcodes/nextdeploy/cli/internal/serverless/aws.go:350.2,351.50 2 0
github.com/Golangcodes/nextdeploy/cli/internal/serverless/aws.go:351.50,353.3 1 0
github.com/Golangcodes/nextdeploy/cli/internal/serverless/aws.go:355.2,355.19 1 0
github.com/Golangcodes/nextdeploy/cli/internal/serverless/aws.go:355.19,358.3 2 0
github.com/Golangcodes/nextdeploy/cli/internal/serverless/aws.go:361.2,361.113 1 0
github.com/Golangcodes/nextdeploy/cli/internal/serverless/aws.go:361.113,370.3 2 0
github.com/Golangcodes/nextdeploy/cli/internal/serverless/aws.go:370.8,370.26 1 0
github.com/Golangcodes/nextdeploy/cli/internal/serverless/aws.go:370.26,372.3 1 0
github.com/Golangcodes/nextdeploy/cli/internal/serverless/aws.go:374.2,375.16 2 0
github.com/Golangcodes/nextdeploy/cli/internal/serverless/aws.go:375.16,377.3 1 0
github.com/Golangcodes/nextdeploy/cli/internal/serverless/aws.go:378.2,383.16 4 0
github.com/Golangcodes/nextdeploy/cli/internal/serverless/aws.go:383.16,385.3 1 0
github.com/Golangcodes/nextdeploy/cli/internal/serverless/aws.go:385.8,385.36 1 0
github.com/Golangcodes/nextdeploy/cli/internal/serverless/aws.go:385.36,387.3 1 0
github.com/Golangcodes/nextdeploy/cli/internal/serverless/aws.go:390.2,390.50 1 0
github.com/Golangcodes/nextdeploy/cli/internal/serverless/aws.go:390.50,392.3 1 0
github.com/Golangcodes/nextdeploy/cli/internal/serverless/aws.go:394.2,394.12 1 0
github.com/Golangcodes/nextdeploy/cli/internal/serverless/aws.go:397.93,410.16 9 0
github.com/Golangcodes/nextdeploy/cli/internal/serverless/aws.go:410.16,412.3 1 0
github.com/Golangcodes/nextdeploy/cli/internal/serverless/aws.go:414.2,414.31 1 0
github.com/Golangcodes/nextdeploy/cli/internal/serverless/aws.go:414.31,418.17 3 0
github.com/Golangcodes/nextdeploy/cli/internal/serverless/aws.go:418.17,420.9 2 0
github.com/Golangcodes/nextdeploy/cli/internal/serverless/aws.go:423.3,426.87 2 0
github.com/Golangcodes/nextdeploy/cli/internal/serverless/aws.go:426.87,434.18 4 0
github.com/Golangcodes/nextdeploy/cli/internal/serverless/aws.go:434.18,436.10 2 0
github.com/Golangcodes/nextdeploy/cli/internal/serverless/aws.go:438.4,440.85 3 0
github.com/Golangcodes/nextdeploy/cli/internal/serverless/aws.go:440.85,442.10 2 0
github.com/Golangcodes/nextdeploy/cli/internal/serverless/aws.go:446.3,451.17 3 0
github.com/Golangcodes/nextdeploy/cli/internal/serverless/aws.go:451.17,453.4 1 0
github.com/Golangcodes/nextdeploy/cli/internal/serverless/aws.go:453.9,455.4 1 0
github.com/Golangcodes/nextdeploy/cli/internal/serverless/aws.go:459.2,464.16 4 0
github.com/Golangcodes/nextdeploy/cli/internal/serverless/aws.go:464.16,466.32 2 0
github.com/Golangcodes/nextdeploy/cli/internal/serverless/aws.go:466.32,468.4 1 0
github.com/Golangcodes/nextdeploy/cli/internal/serverless/aws.go:468.9,470.4 1 0
github.com/Golangcodes/nextdeploy/cli/internal/serverless/aws.go:474.2,476.67 3 0
github.com/Golangcodes/nextdeploy/cli/internal/serverless/aws.go:476.67,478.3 1 0
github.com/Golangcodes/nextdeploy/cli/internal/serverless/aws.go:478.8,482.17 2 0
github.com/Golangcodes/nextdeploy/cli/internal/serverless/aws.go:482.17,484.33 2 0
github.com/Golangcodes/nextdeploy/cli/internal/serverless/aws.go:484.33,486.5 1 0
github.com/Golangcodes/nextdeploy/cli/internal/serverless/aws.go:486.10,488.5 1 0
github.com/Golangcodes/nextdeploy/cli/internal/serverless/aws.go:493.2,499.16 4 0
github.com/Golangcodes/nextdeploy/cli/internal/serverless/aws.go:499.16,501.32 2 0
github.com/Golangcodes/nextdeploy/cli/internal/serverless/aws.go:501.32,503.4 1 0
github.com/Golangcodes/nextdeploy/cli/internal/serverless/aws.go:503.9,505.4 1 0
github.com/Golangcodes/nextdeploy/cli/internal/serverless/aws.go:508.2,510.12 3 0
github.com/Golangcodes/nextdeploy/cli/internal/serverless/aws.go:513.125,528.43 6 0
github.com/Golangcodes/nextdeploy/cli/internal/serverless/aws.go:528.43,530.3 1 0
github.com/Golangcodes/nextdeploy/cli/internal/serverless/aws.go:532.2,533.16 2 0
github.com/Golangcodes/nextdeploy/cli/internal/serverless/aws.go:533.16,535.3 1 0
github.com/Golangcodes/nextdeploy/cli/internal/serverless/aws.go:538.2,541.22 4 0
github.com/Golangcodes/nextdeploy/cli/internal/serverless/aws.go:541.22,546.52 4 0
github.com/Golangcodes/nextdeploy/cli/internal/serverless/aws.go:546.52,548.4 1 0
github.com/Golangcodes/nextdeploy/cli/internal/serverless/aws.go:552.2,553.29 2 0
github.com/Golangcodes/nextdeploy/cli/internal/serverless/aws.go:553.29,555.3 1 0
github.com/Golangcodes/nextdeploy/cli/internal/serverless/aws.go:555.8,555.30 1 0
github.com/Golangcodes/nextdeploy/cli/internal/serverless/aws.go:555.30,557.3 1 0
github.com/Golangcodes/nextdeploy/cli/internal/serverless/aws.go:559.2,559.28 1 0
github.com/Golangcodes/nextdeploy/cli/internal/serverless/aws.go:559.28,562.20 2 0
github.com/Golangcodes/nextdeploy/cli/internal/serverless/aws.go:562.20,565.21 3 0
github.com/Golangcodes/nextdeploy/cli/internal/serverless/aws.go:565.21,571.50 3 0
github.com/Golangcodes/nextdeploy/cli/internal/serverless/aws.go:571.50,573.67 2 0
github.com/Golangcodes/nextdeploy/cli/internal/serverless/aws.go:573.67,574.36 1 0
github.com/Golangcodes/nextdeploy/cli/internal/serverless/aws.go:574.36,579.8 1 0
github.com/Golangcodes/nextdeploy/cli/internal/serverless/aws.go:586.2,586.17 1 0
github.com/Golangcodes/nextdeploy/cli/internal/serverless/aws.go:590.140,594.6 3 0
github.com/Golangcodes/nextdeploy/cli/internal/serverless/aws.go:594.6,598.17 2 0
github.com/Golangcodes/nextdeploy/cli/internal/serverless/aws.go:598.17,600.4 1 0
github.com/Golangcodes/nextdeploy/cli/internal/serverless/aws.go:602.3,602.41 1 0
github.com/Golangcodes/nextdeploy/cli/internal/serverless/aws.go:602.41,603.59 1 0
github.com/Golangcodes/nextdeploy/cli/internal/serverless/aws.go:603.59,606.58 2 0
github.com/Golangcodes/nextdeploy/cli/internal/serverless/aws.go:606.58,608.6 1 0
github.com/Golangcodes/nextdeploy/cli/internal/serverless/aws.go:610.5,610.56 1 0
github.com/Golangcodes/nextdeploy/cli/internal/serverless/aws.go:610.56,611.47 1 0
github.com/Golangcodes/nextdeploy/cli/internal/serverless/aws.go:611.47,612.26 1 0
github.com/Golangcodes/nextdeploy/cli/internal/serverless/aws.go:612.26,615.13 3 0
github.com/Golangcodes/nextdeploy/cli/internal/serverless/aws.go:620.5,620.16 1 0
github.com/Golangcodes/nextdeploy/cli/internal/serverless/aws.go:620.16,622.6 1 0
github.com/Golangcodes/nextdeploy/cli/internal/serverless/aws.go:626.3,626.139 1 0
github.com/Golangcodes/nextdeploy/cli/internal/serverless/aws.go:626.139,627.9 1 0
github.com/Golangcodes/nextdeploy/cli/internal/serverless/aws.go:629.3,629.50 1 0
github.com/Golangcodes/nextdeploy/cli/internal/serverless/aws.go:632.2,632.21 1 0
github.com/Golangcodes/nextdeploy/cli/internal/serverless/aws.go:635.69,640.16 4 0
github.com/Golangcodes/nextdeploy/cli/internal/serverless/aws.go:640.16,642.3 1 0
github.com/Golangcodes/nextdeploy/cli/internal/serverless/aws.go:644.2,645.37 2 0
github.com/Golangcodes/nextdeploy/cli/internal/serverless/aws.go:645.37,647.3 1 0
github.com/Golangcodes/nextdeploy/cli/internal/serverless/aws.go:649.2,651.27 2 0
github.com/Golangcodes/nextdeploy/cli/internal/serverless/aws.go:651.27,654.3 2 0
github.com/Golangcodes/nextdeploy/cli/internal/serverless/aws.go:656.2,657.12 2 0
github.com/Golangcodes/nextdeploy/cli/internal/serverless/aws_acm.go:18.102,20.16 2 0
github.com/Golangcodes/nextdeploy/cli/internal/serverless/aws_acm.go:20.16,22.3 1 0
github.com/Golangcodes/nextdeploy/cli/internal/serverless/aws_acm.go:23.2,30.16 7 0
github.com/Golangcodes/nextdeploy/cli/internal/serverless/aws_acm.go:30.16,32.3 1 0
github.com/Golangcodes/nextdeploy/cli/internal/serverless/aws_acm.go:33.2,33.19 1 0
github.com/Golangcodes/nextdeploy/cli/internal/serverless/aws_acm.go:33.19,37.3 3 0
github.com/Golangcodes/nextdeploy/cli/internal/serverless/aws_acm.go:39.2,41.38 3 0
github.com/Golangcodes/nextdeploy/cli/internal/serverless/aws_acm.go:41.38,43.3 1 0
github.com/Golangcodes/nextdeploy/cli/internal/serverless/aws_acm.go:45.2,50.16 2 0
github.com/Golangcodes/nextdeploy/cli/internal/serverless/aws_acm.go:50.16,52.3 1 0
github.com/Golangcodes/nextdeploy/cli/internal/serverless/aws_acm.go:54.2,58.25 3 0
github.com/Golangcodes/nextdeploy/cli/internal/serverless/aws_acm.go:58.25,63.97 3 0
github.com/Golangcodes/nextdeploy/cli/internal/serverless/aws_acm.go:63.97,64.73 1 0
github.com/Golangcodes/nextdeploy/cli/internal/serverless/aws_acm.go:64.73,65.10 1 0
github.com/Golangcodes/nextdeploy/cli/internal/serverless/aws_acm.go:68.3,68.82 1 0
github.com/Golangcodes/nextdeploy/cli/internal/serverless/aws_acm.go:70.2,72.21 2 0
github.com/Golangcodes/nextdeploy/cli/internal/serverless/aws_acm.go:75.119,83.31 2 0
github.com/Golangcodes/nextdeploy/cli/internal/serverless/aws_acm.go:83.31,85.17 2 0
github.com/Golangcodes/nextdeploy/cli/internal/serverless/aws_acm.go:85.17,87.4 1 0
github.com/Golangcodes/nextdeploy/cli/internal/serverless/aws_acm.go:89.3,89.52 1 0
github.com/Golangcodes/nextdeploy/cli/internal/serverless/aws_acm.go:89.52,90.60 1 0
github.com/Golangcodes/nextdeploy/cli/internal/serverless/aws_acm.go:90.60,92.5 1 0
github.com/Golangcodes/nextdeploy/cli/internal/serverless/aws_acm.go:94.4,94.51 1 0
github.com/Golangcodes/nextdeploy/cli/internal/serverless/aws_acm.go:94.51,95.62 1 0
github.com/Golangcodes/nextdeploy/cli/internal/serverless/aws_acm.go:95.62,96.23 1 0
github.com/Golangcodes/nextdeploy/cli/internal/serverless/aws_acm.go:96.23,98.7 1 0
github.com/Golangcodes/nextdeploy/cli/internal/serverless/aws_acm.go:104.2,104.16 1 0
github.com/Golangcodes/nextdeploy/cli/internal/serverless/aws_acm.go:107.114,109.2 1 0
github.com/Golangcodes/nextdeploy/cli/internal/serverless/aws_acm.go:116.130,120.16 2 0
github.com/Golangcodes/nextdeploy/cli/internal/serverless/aws_acm.go:120.16,123.3 2 0
github.com/Golangcodes/nextdeploy/cli/internal/serverless/aws_acm.go:125.2,126.71 2 0
github.com/Golangcodes/nextdeploy/cli/internal/serverless/aws_acm.go:126.71,130.3 2 0
github.com/Golangcodes/nextdeploy/cli/internal/serverless/aws_acm.go:131.2,131.53 1 0
github.com/Golangcodes/nextdeploy/cli/internal/serverless/aws_acm.go:131.53,134.3 2 0
github.com/Golangcodes/nextdeploy/cli/internal/serverless/aws_acm.go:136.2,137.51 2 0
github.com/Golangcodes/nextdeploy/cli/internal/serverless/aws_acm.go:137.51,138.32 1 0
github.com/Golangcodes/nextdeploy/cli/internal/serverless/aws_acm.go:138.32,143.4 1 0
github.com/Golangcodes/nextdeploy/cli/internal/serverless/aws_acm.go:146.2,146.79 1 0
github.com/Golangcodes/nextdeploy/cli/internal/serverless/aws_acm.go:146.79,148.3 1 0
github.com/Golangcodes/nextdeploy/cli/internal/serverless/aws_acm.go:151.2,156.175 6 0
github.com/Golangcodes/nextdeploy/cli/internal/serverless/aws_acm.go:159.75,160.75 1 0
github.com/Golangcodes/nextdeploy/cli/internal/serverless/aws_acm.go:160.75,162.3 1 0
github.com/Golangcodes/nextdeploy/cli/internal/serverless/aws_acm.go:164.2,169.148 6 0
github.com/Golangcodes/nextdeploy/cli/internal/serverless/aws_acm.go:172.85,174.16 2 0
github.com/Golangcodes/nextdeploy/cli/internal/serverless/aws_acm.go:174.16,176.3 1 0
github.com/Golangcodes/nextdeploy/cli/internal/serverless/aws_acm.go:177.2,181.16 3 0
github.com/Golangcodes/nextdeploy/cli/internal/serverless/aws_acm.go:181.16,183.3 1 0
github.com/Golangcodes/nextdeploy/cli/internal/serverless/aws_acm.go:184.2,184.74 1 0
github.com/Golangcodes/nextdeploy/cli/internal/serverless/aws_cloudfront.go:21.50,23.2 1 0
github.com/Golangcodes/nextdeploy/cli/internal/serverless/aws_cloudfront.go:25.179,34.16 6 0
github.com/Golangcodes/nextdeploy/cli/internal/serverless/aws_cloudfront.go:34.16,36.3 1 0
github.com/Golangcodes/nextdeploy/cli/internal/serverless/aws_cloudfront.go:39.2,40.44 2 0
github.com/Golangcodes/nextdeploy/cli/internal/serverless/aws_cloudfront.go:40.44,42.17 2 0
github.com/Golangcodes/nextdeploy/cli/internal/serverless/aws_cloudfront.go:42.17,44.4 1 0
github.com/Golangcodes/nextdeploy/cli/internal/serverless/aws_cloudfront.go:48.2,50.18 3 0
github.com/Golangcodes/nextdeploy/cli/internal/serverless/aws_cloudfront.go:50.18,52.17 2 0
github.com/Golangcodes/nextdeploy/cli/internal/serverless/aws_cloudfront.go:52.17,54.4 1 0
github.com/Golangcodes/nextdeploy/cli/internal/serverless/aws_cloudfront.go:55.3,55.68 1 0
github.com/Golangcodes/nextdeploy/cli/internal/serverless/aws_cloudfront.go:58.2,61.16 3 0
github.com/Golangcodes/nextdeploy/cli/internal/serverless/aws_cloudfront.go:61.16,64.3 2 0
github.com/Golangcodes/nextdeploy/cli/internal/serverless/aws_cloudfront.go:66.2,67.16 2 0
github.com/Golangcodes/nextdeploy/cli/internal/serverless/aws_cloudfront.go:67.16,70.3 2 0
github.com/Golangcodes/nextdeploy/cli/internal/serverless/aws_cloudfront.go:72.2,73.16 2 0
github.com/Golangcodes/nextdeploy/cli/internal/serverless/aws_cloudfront.go:73.16,75.3 1 0
github.com/Golangcodes/nextdeploy/cli/internal/serverless/aws_cloudfront.go:77.2,78.16 2 0
github.com/Golangcodes/nextdeploy/cli/internal/serverless/aws_cloudfront.go:78.16,80.3 1 0
github.com/Golangcodes/nextdeploy/cli/internal/serverless/aws_cloudfront.go:84.2,85.16 2 0
github.com/Golangcodes/nextdeploy/cli/internal/serverless/aws_cloudfront.go:85.16,88.3 2 0
github.com/Golangcodes/nextdeploy/cli/internal/serverless/aws_cloudfront.go:90.2,93.16 4 0
github.com/Golangcodes/nextdeploy/cli/internal/serverless/aws_cloudfront.go:93.16,95.3 1 0
github.com/Golangcodes/nextdeploy/cli/internal/serverless/aws_cloudfront.go:97.2,97.20 1 0
github.com/Golangcodes/nextdeploy/cli/internal/serverless/aws_cloudfront.go:97.20,99.3 1 0
github.com/Golangcodes/nextdeploy/cli/internal/serverless/aws_cloudfront.go:101.2,101.26 1 0
github.com/Golangcodes/nextdeploy/cli/internal/serverless/aws_cloudfront.go:101.26,107.17 3 0
github.com/Golangcodes/nextdeploy/cli/internal/serverless/aws_cloudfront.go:107.17,109.4 1 0
github.com/Golangcodes/nextdeploy/cli/internal/serverless/aws_cloudfront.go:111.3,114.18 3 0
github.com/Golangcodes/nextdeploy/cli/internal/serverless/aws_cloudfront.go:114.18,121.18 3 0
github.com/Golangcodes/nextdeploy/cli/internal/serverless/aws_cloudfront.go:121.18,123.5 1 0
github.com/Golangcodes/nextdeploy/cli/internal/serverless/aws_cloudfront.go:124.4,124.77 1 0
github.com/Golangcodes/nextdeploy/cli/internal/serverless/aws_cloudfront.go:125.9,127.4 1 0
github.com/Golangcodes/nextdeploy/cli/internal/serverless/aws_cloudfront.go:129.3,129.29 1 0
github.com/Golangcodes/nextdeploy/cli/internal/serverless/aws_cloudfront.go:132.2,140.16 5 0
github.com/Golangcodes/nextdeploy/cli/internal/serverless/aws_cloudfront.go:140.16,141.58 1 0
github.com/Golangcodes/nextdeploy/cli/internal/serverless/aws_cloudfront.go:141.58,145.4 1 0
github.com/Golangcodes/nextdeploy/cli/internal/serverless/aws_cloudfront.go:146.3,146.77 1 0
github.com/Golangcodes/nextdeploy/cli/internal/serverless/aws_cloudfront.go:149.2,153.35 3 0
github.com/Golangcodes/nextdeploy/cli/internal/serverless/aws_cloudfront.go:153.35,155.20 2 0
github.com/Golangcodes/nextdeploy/cli/internal/serverless/aws_cloudfront.go:155.20,157.19 2 0
github.com/Golangcodes/nextdeploy/cli/internal/serverless/aws_cloudfront.go:157.19,159.5 1 0
github.com/Golangcodes/nextdeploy/cli/internal/serverless/aws_cloudfront.go:159.10,161.5 1 0
github.com/Golangcodes/nextdeploy/cli/internal/serverless/aws_cloudfront.go:165.2,165.43 1 0
github.com/Golangcodes/nextdeploy/cli/internal/serverless/aws_cloudfront.go:168.301,171.60 2 0
github.com/Golangcodes/nextdeploy/cli/internal/serverless/aws_cloudfront.go:171.60,174.3 2 0
github.com/Golangcodes/nextdeploy/cli/internal/serverless/aws_cloudfront.go:175.2,175.51 1 0
github.com/Golangcodes/nextdeploy/cli/internal/serverless/aws_cloudfront.go:175.51,178.3 2 0
github.com/Golangcodes/nextdeploy/cli/internal/serverless/aws_cloudfront.go:179.2,179.39 1 0
github.com/Golangcodes/nextdeploy/cli/internal/serverless/aws_cloudfront.go:179.39,182.3 2 0
github.com/Golangcodes/nextdeploy/cli/internal/serverless/aws_cloudfront.go:185.2,185.18 1 0
github.com/Golangcodes/nextdeploy/cli/internal/serverless/aws_cloudfront.go:185.18,186.59 1 0
github.com/Golangcodes/nextdeploy/cli/internal/serverless/aws_cloudfront.go:186.59,189.25 2 0
github.com/Golangcodes/nextdeploy/cli/internal/serverless/aws_cloudfront.go:189.25,190.44 1 0
github.com/Golangcodes/nextdeploy/cli/internal/serverless/aws_cloudfront.go:190.44,191.25 1 0
github.com/Golangcodes/nextdeploy/cli/internal/serverless/aws_cloudfront.go:191.25,193.12 2 0
github.com/Golangcodes/nextdeploy/cli/internal/serverless/aws_cloudfront.go:197.4,197.14 1 0
github.com/Golangcodes/nextdeploy/cli/internal/serverless/aws_cloudfront.go:197.14,198.26 1 0
github.com/Golangcodes/nextdeploy/cli/internal/serverless/aws_cloudfront.go:198.26,200.6 1 0
github.com/Golangcodes/nextdeploy/cli/internal/serverless/aws_cloudfront.go:201.5,203.19 3 0
github.com/Golangcodes/nextdeploy/cli/internal/serverless/aws_cloudfront.go:207.4,207.138 1 0
github.com/Golangcodes/nextdeploy/cli/internal/serverless/aws_cloudfront.go:207.138,215.5 2 0
github.com/Golangcodes/nextdeploy/cli/internal/serverless/aws_cloudfront.go:216.9,218.35 1 0
github.com/Golangcodes/nextdeploy/cli/internal/serverless/aws_cloudfront.go:218.35,223.5 2 0
github.com/Golangcodes/nextdeploy/cli/internal/serverless/aws_cloudfront.go:226.8,226.40 1 0
github.com/Golangcodes/nextdeploy/cli/internal/serverless/aws_cloudfront.go:226.40,231.3 2 0
github.com/Golangcodes/nextdeploy/cli/internal/serverless/aws_cloudfront.go:234.2,240.23 6 0
github.com/Golangcodes/nextdeploy/cli/internal/serverless/aws_cloudfront.go:240.23,243.3 2 0
github.com/Golangcodes/nextdeploy/cli/internal/serverless/aws_cloudfront.go:245.2,246.21 2 0
github.com/Golangcodes/nextdeploy/cli/internal/serverless/aws_cloudfront.go:246.21,249.3 2 0
github.com/Golangcodes/nextdeploy/cli/internal/serverless/aws_cloudfront.go:251.2,263.22 2 0
github.com/Golangcodes/nextdeploy/cli/internal/serverless/aws_cloudfront.go:263.22,279.3 1 0
github.com/Golangcodes/nextdeploy/cli/internal/serverless/aws_cloudfront.go:281.2,281.22 1 0
github.com/Golangcodes/nextdeploy/cli/internal/serverless/aws_cloudfront.go:281.22,297.3 1 0
github.com/Golangcodes/nextdeploy/cli/internal/serverless/aws_cloudfront.go:299.2,299.88 1 0
github.com/Golangcodes/nextdeploy/cli/internal/serverless/aws_cloudfront.go:299.88,305.3 2 0
github.com/Golangcodes/nextdeploy/cli/internal/serverless/aws_cloudfront.go:305.8,307.35 1 0
github.com/Golangcodes/nextdeploy/cli/internal/serverless/aws_cloudfront.go:307.35,309.45 2 0
github.com/Golangcodes/nextdeploy/cli/internal/serverless/aws_cloudfront.go:309.45,310.35 1 0
github.com/Golangcodes/nextdeploy/cli/internal/serverless/aws_cloudfront.go:310.35,311.52 1 0
github.com/Golangcodes/nextdeploy/cli/internal/serverless/aws_cloudfront.go:311.52,314.7 2 0
github.com/Golangcodes/nextdeploy/cli/internal/serverless/aws_cloudfront.go:315.6,315.100 1 0
github.com/Golangcodes/nextdeploy/cli/internal/serverless/aws_cloudfront.go:315.100,318.7 2 0
github.com/Golangcodes/nextdeploy/cli/internal/serverless/aws_cloudfront.go:320.6,320.108 1 0
github.com/Golangcodes/nextdeploy/cli/internal/serverless/aws_cloudfront.go:320.108,323.7 2 0
github.com/Golangcodes/nextdeploy/cli/internal/serverless/aws_cloudfront.go:330.2,331.22 2 0
github.com/Golangcodes/nextdeploy/cli/internal/serverless/aws_cloudfront.go:331.22,333.3 1 0
github.com/Golangcodes/nextdeploy/cli/internal/serverless/aws_cloudfront.go:334.2,335.22 2 0
github.com/Golangcodes/nextdeploy/cli/internal/serverless/aws_cloudfront.go:335.22,337.3 1 0
github.com/Golangcodes/nextdeploy/cli/internal/serverless/aws_cloudfront.go:339.2,340.22 2 0
github.com/Golangcodes/nextdeploy/cli/internal/serverless/aws_cloudfront.go:340.22,342.3 1 0
github.com/Golangcodes/nextdeploy/cli/internal/serverless/aws_cloudfront.go:344.2,352.22 2 0
github.com/Golangcodes/nextdeploy/cli/internal/serverless/aws_cloudfront.go:352.22,361.3 1 0
github.com/Golangcodes/nextdeploy/cli/internal/serverless/aws_cloudfront.go:363.2,363.36 1 0
github.com/Golangcodes/nextdeploy/cli/internal/serverless/aws_cloudfront.go:363.36,376.3 2 0
github.com/Golangcodes/nextdeploy/cli/internal/serverless/aws_cloudfront.go:376.8,379.42 2 0
github.com/Golangcodes/nextdeploy/cli/internal/serverless/aws_cloudfront.go:379.42,382.4 2 0
github.com/Golangcodes/nextdeploy/cli/internal/serverless/aws_cloudfront.go:383.3,383.40 1 0
github.com/Golangcodes/nextdeploy/cli/internal/serverless/aws_cloudfront.go:383.40,386.4 2 0
github.com/Golangcodes/nextdeploy/cli/internal/serverless/aws_cloudfront.go:387.3,387.75 1 0
github.com/Golangcodes/nextdeploy/cli/internal/serverless/aws_cloudfront.go:387.75,390.4 2 0
github.com/Golangcodes/nextdeploy/cli/internal/serverless/aws_cloudfront.go:391.3,391.69 1 0
github.com/Golangcodes/nextdeploy/cli/internal/serverless/aws_cloudfront.go:391.69,394.4 2 0
github.com/Golangcodes/nextdeploy/cli/internal/serverless/aws_cloudfront.go:395.3,395.92 1 0
github.com/Golangcodes/nextdeploy/cli/internal/serverless/aws_cloudfront.go:395.92,398.4 2 0
github.com/Golangcodes/nextdeploy/cli/internal/serverless/aws_cloudfront.go:402.2,402.22 1 0
github.com/Golangcodes/nextdeploy/cli/internal/serverless/aws_cloudfront.go:402.22,404.23 2 0
github.com/Golangcodes/nextdeploy/cli/internal/serverless/aws_cloudfront.go:404.23,406.4 1 0
github.com/Golangcodes/nextdeploy/cli/internal/serverless/aws_cloudfront.go:408.3,474.23 2 0
github.com/Golangcodes/nextdeploy/cli/internal/serverless/aws_cloudfront.go:474.23,477.4 1 0
github.com/Golangcodes/nextdeploy/cli/internal/serverless/aws_cloudfront.go:479.3,480.105 2 0
github.com/Golangcodes/nextdeploy/cli/internal/serverless/aws_cloudfront.go:480.105,482.4 1 0
github.com/Golangcodes/nextdeploy/cli/internal/serverless/aws_cloudfront.go:482.9,483.41 1 0
github.com/Golangcodes/nextdeploy/cli/internal/serverless/aws_cloudfront.go:483.41,488.91 2 0
github.com/Golangcodes/nextdeploy/cli/internal/serverless/aws_cloudfront.go:488.91,490.11 2 0
github.com/Golangcodes/nextdeploy/cli/internal/serverless/aws_cloudfront.go:495.3,495.22 1 0
github.com/Golangcodes/nextdeploy/cli/internal/serverless/aws_cloudfront.go:495.22,501.4 2 0
github.com/Golangcodes/nextdeploy/cli/internal/serverless/aws_cloudfront.go:502.8,503.78 1 0
github.com/Golangcodes/nextdeploy/cli/internal/serverless/aws_cloudfront.go:503.78,506.4 2 0
github.com/Golangcodes/nextdeploy/cli/internal/serverless/aws_cloudfront.go:509.2,509.16 1 0
github.com/Golangcodes/nextdeploy/cli/internal/serverless/aws_cloudfront.go:514.126,516.34 2 0
github.com/Golangcodes/nextdeploy/cli/internal/serverless/aws_cloudfront.go:516.34,520.17 2 0
github.com/Golangcodes/nextdeploy/cli/internal/serverless/aws_cloudfront.go:520.17,522.4 1 0
github.com/Golangcodes/nextdeploy/cli/internal/serverless/aws_cloudfront.go:523.3,523.106 1 0
github.com/Golangcodes/nextdeploy/cli/internal/serverless/aws_cloudfront.go:523.106,525.4 1 0
github.com/Golangcodes/nextdeploy/cli/internal/serverless/aws_cloudfront.go:526.3,527.31 2 0
github.com/Golangcodes/nextdeploy/cli/internal/serverless/aws_cloudfront.go:529.2,529.111 1 0
github.com/Golangcodes/nextdeploy/cli/internal/serverless/aws_cloudfront.go:532.101,535.41 2 0
github.com/Golangcodes/nextdeploy/cli/internal/serverless/aws_cloudfront.go:535.41,537.3 1 0
github.com/Golangcodes/nextdeploy/cli/internal/serverless/aws_cloudfront.go:539.2,539.18 1 0
github.com/Golangcodes/nextdeploy/cli/internal/serverless/aws_cloudfront.go:539.18,546.7 5 0
github.com/Golangcodes/nextdeploy/cli/internal/serverless/aws_cloudfront.go:546.7,550.63 2 0
github.com/Golangcodes/nextdeploy/cli/internal/serverless/aws_cloudfront.go:550.63,551.60 1 0
github.com/Golangcodes/nextdeploy/cli/internal/serverless/aws_cloudfront.go:551.60,552.59 1 0
github.com/Golangcodes/nextdeploy/cli/internal/serverless/aws_cloudfront.go:552.59,554.12 2 0
github.com/Golangcodes/nextdeploy/cli/internal/serverless/aws_cloudfront.go:558.4,558.177 1 0
github.com/Golangcodes/nextdeploy/cli/internal/serverless/aws_cloudfront.go:558.177,559.10 1 0
github.com/Golangcodes/nextdeploy/cli/internal/serverless/aws_cloudfront.go:561.4,561.51 1 0
github.com/Golangcodes/nextdeploy/cli/internal/serverless/aws_cloudfront.go:565.2,565.18 1 0
github.com/Golangcodes/nextdeploy/cli/internal/serverless/aws_cloudfront.go:565.18,568.3 2 0
github.com/Golangcodes/nextdeploy/cli/internal/serverless/aws_cloudfront.go:570.2,570.44 1 0
github.com/Golangcodes/nextdeploy/cli/internal/serverless/aws_cloudfront.go:573.94,592.16 5 0
github.com/Golangcodes/nextdeploy/cli/internal/serverless/aws_cloudfront.go:592.16,594.3 1 0
github.com/Golangcodes/nextdeploy/cli/internal/serverless/aws_cloudfront.go:596.2,597.43 2 0
github.com/Golangcodes/nextdeploy/cli/internal/serverless/aws_cloudfront.go:597.43,599.3 1 0
github.com/Golangcodes/nextdeploy/cli/internal/serverless/aws_cloudfront.go:600.2,600.12 1 0
github.com/Golangcodes/nextdeploy/cli/internal/serverless/aws_cloudfront.go:604.124,606.6 2 0
github.com/Golangcodes/nextdeploy/cli/internal/serverless/aws_cloudfront.go:606.6,610.17 2 0
github.com/Golangcodes/nextdeploy/cli/internal/serverless/aws_cloudfront.go:610.17,612.4 1 0
github.com/Golangcodes/nextdeploy/cli/internal/serverless/aws_cloudfront.go:613.3,613.34 1 0
github.com/Golangcodes/nextdeploy/cli/internal/serverless/aws_cloudfront.go:613.34,614.52 1 0
github.com/Golangcodes/nextdeploy/cli/internal/serverless/aws_cloudfront.go:614.52,615.129 1 0
github.com/Golangcodes/nextdeploy/cli/internal/serverless/aws_cloudfront.go:615.129,617.6 1 0
github.com/Golangcodes/nextdeploy/cli/internal/serverless/aws_cloudfront.go:619.4,619.88 1 0
github.com/Golangcodes/nextdeploy/cli/internal/serverless/aws_cloudfront.go:619.88,620.10 1 0
github.com/Golangcodes/nextdeploy/cli/internal/serverless/aws_cloudfront.go:622.4,622.44 1 0
github.com/Golangcodes/nextdeploy/cli/internal/serverless/aws_cloudfront.go:623.9,624.9 1 0
github.com/Golangcodes/nextdeploy/cli/internal/serverless/aws_cloudfront.go:627.2,627.66 1 0
github.com/Golangcodes/nextdeploy/cli/internal/serverless/aws_cloudfront.go:632.132,634.6 2 0
github.com/Golangcodes/nextdeploy/cli/internal/serverless/aws_cloudfront.go:634.6,638.17 2 0
github.com/Golangcodes/nextdeploy/cli/internal/serverless/aws_cloudfront.go:638.17,640.4 1 0
github.com/Golangcodes/nextdeploy/cli/internal/serverless/aws_cloudfront.go:641.3,641.42 1 0
github.com/Golangcodes/nextdeploy/cli/internal/serverless/aws_cloudfront.go:641.42,642.60 1 0
github.com/Golangcodes/nextdeploy/cli/internal/serverless/aws_cloudfront.go:642.60,643.169 1 0
github.com/Golangcodes/nextdeploy/cli/internal/serverless/aws_cloudfront.go:643.169,645.6 1 0
github.com/Golangcodes/nextdeploy/cli/internal/serverless/aws_cloudfront.go:647.4,647.104 1 0
github.com/Golangcodes/nextdeploy/cli/internal/serverless/aws_cloudfront.go:647.104,648.10 1 0
github.com/Golangcodes/nextdeploy/cli/internal/serverless/aws_cloudfront.go:650.4,650.52 1 0
github.com/Golangcodes/nextdeploy/cli/internal/serverless/aws_cloudfront.go:651.9,652.9 1 0
github.com/Golangcodes/nextdeploy/cli/internal/serverless/aws_cloudfront.go:655.2,655.75 1 0
github.com/Golangcodes/nextdeploy/cli/internal/serverless/aws_cloudfront.go:658.109,661.16 3 0
github.com/Golangcodes/nextdeploy/cli/internal/serverless/aws_cloudfront.go:661.16,663.3 1 0
github.com/Golangcodes/nextdeploy/cli/internal/serverless/aws_cloudfront.go:665.2,665.47 1 0
github.com/Golangcodes/nextdeploy/cli/internal/serverless/aws_cloudfront.go:665.47,666.64 1 0
github.com/Golangcodes/nextdeploy/cli/internal/serverless/aws_cloudfront.go:666.64,667.44 1 0
github.com/Golangcodes/nextdeploy/cli/internal/serverless/aws_cloudfront.go:667.44,669.5 1 0
github.com/Golangcodes/nextdeploy/cli/internal/serverless/aws_cloudfront.go:673.2,681.16 2 0
github.com/Golangcodes/nextdeploy/cli/internal/serverless/aws_cloudfront.go:681.16,683.3 1 0
github.com/Golangcodes/nextdeploy/cli/internal/serverless/aws_cloudfront.go:685.2,685.50 1 0
github.com/Golangcodes/nextdeploy/cli/internal/serverless/aws_cloudfront.go:688.105,691.16 3 0
github.com/Golangcodes/nextdeploy/cli/internal/serverless/aws_cloudfront.go:691.16,693.3 1 0
github.com/Golangcodes/nextdeploy/cli/internal/serverless/aws_cloudfront.go:695.2,695.47 1 0
github.com/Golangcodes/nextdeploy/cli/internal/serverless/aws_cloudfront.go:695.47,696.64 1 0
github.com/Golangcodes/nextdeploy/cli/internal/serverless/aws_cloudfront.go:696.64,697.44 1 0
github.com/Golangcodes/nextdeploy/cli/internal/serverless/aws_cloudfront.go:697.44,699.5 1 0
github.com/Golangcodes/nextdeploy/cli/internal/serverless/aws_cloudfront.go:703.2,711.16 2 0
github.com/Golangcodes/nextdeploy/cli/internal/serverless/aws_cloudfront.go:711.16,713.3 1 0
github.com/Golangcodes/nextdeploy/cli/internal/serverless/aws_cloudfront.go:715.2,715.50 1 0
github.com/Golangcodes/nextdeploy/cli/internal/serverless/aws_cloudfront.go:722.110,727.6 3 0
github.com/Golangcodes/nextdeploy/cli/internal/serverless/aws_cloudfront.go:727.6,729.17 2 0
github.com/Golangcodes/nextdeploy/cli/internal/serverless/aws_cloudfront.go:729.17,731.4 1 0
github.com/Golangcodes/nextdeploy/cli/internal/serverless/aws_cloudfront.go:732.3,732.34 1 0
github.com/Golangcodes/nextdeploy/cli/internal/serverless/aws_cloudfront.go:732.34,733.52 1 0
github.com/Golangcodes/nextdeploy/cli/internal/serverless/aws_cloudfront.go:733.52,735.74 1 0
github.com/Golangcodes/nextdeploy/cli/internal/serverless/aws_cloudfront.go:735.74,737.6 1 0
github.com/Golangcodes/nextdeploy/cli/internal/serverless/aws_cloudfront.go:739.4,739.88 1 0
github.com/Golangcodes/nextdeploy/cli/internal/serverless/aws_cloudfront.go:739.88,740.10 1 0
github.com/Golangcodes/nextdeploy/cli/internal/serverless/aws_cloudfront.go:742.4,742.44 1 0
github.com/Golangcodes/nextdeploy/cli/internal/serverless/aws_cloudfront.go:743.9,744.9 1 0
github.com/Golangcodes/nextdeploy/cli/internal/serverless/aws_cloudfront.go:749.2,776.16 3 0
github.com/Golangcodes/nextdeploy/cli/internal/serverless/aws_cloudfront.go:776.16,778.3 1 0
github.com/Golangcodes/nextdeploy/cli/internal/serverless/aws_cloudfront.go:779.2,779.46 1 0
github.com/Golangcodes/nextdeploy/cli/internal/serverless/aws_cloudfront.go:782.123,788.56 4 0
github.com/Golangcodes/nextdeploy/cli/internal/serverless/aws_cloudfront.go:788.56,789.60 1 0
github.com/Golangcodes/nextdeploy/cli/internal/serverless/aws_cloudfront.go:789.60,790.184 1 0
github.com/Golangcodes/nextdeploy/cli/internal/serverless/aws_cloudfront.go:790.184,792.5 1 0
github.com/Golangcodes/nextdeploy/cli/internal/serverless/aws_cloudfront.go:797.2,833.16 3 0
github.com/Golangcodes/nextdeploy/cli/internal/serverless/aws_cloudfront.go:833.16,835.3 1 0
github.com/Golangcodes/nextdeploy/cli/internal/serverless/aws_cloudfront.go:837.2,837.49 1 0
github.com/Golangcodes/nextdeploy/cli/internal/serverless/aws_iam.go:14.86,24.16 6 0
github.com/Golangcodes/nextdeploy/cli/internal/serverless/aws_iam.go:24.16,27.3 2 0
github.com/Golangcodes/nextdeploy/cli/internal/serverless/aws_iam.go:27.8,29.37 2 0
github.com/Golangcodes/nextdeploy/cli/internal/serverless/aws_iam.go:29.37,31.4 1 0
github.com/Golangcodes/nextdeploy/cli/internal/serverless/aws_iam.go:33.3,54.17 5 0
github.com/Golangcodes/nextdeploy/cli/internal/serverless/aws_iam.go:54.17,56.4 1 0
github.com/Golangcodes/nextdeploy/cli/internal/serverless/aws_iam.go:57.3,57.35 1 0
github.com/Golangcodes/nextdeploy/cli/internal/serverless/aws_iam.go:60.2,65.44 3 0
github.com/Golangcodes/nextdeploy/cli/internal/serverless/aws_iam.go:65.44,70.17 2 0
github.com/Golangcodes/nextdeploy/cli/internal/serverless/aws_iam.go:70.17,72.4 1 0
github.com/Golangcodes/nextdeploy/cli/internal/serverless/aws_iam.go:82.2,126.16 4 0
github.com/Golangcodes/nextdeploy/cli/internal/serverless/aws_iam.go:126.16,128.3 1 0
github.com/Golangcodes/nextdeploy/cli/internal/serverless/aws_iam.go:130.2,131.21 2 0
github.com/Golangcodes/nextdeploy/cli/internal/serverless/aws_lambda.go:35.81,45.34 2 0
github.com/Golangcodes/nextdeploy/cli/internal/serverless/aws_lambda.go:45.34,46.55 1 0
github.com/Golangcodes/nextdeploy/cli/internal/serverless/aws_lambda.go:46.55,48.4 1 0
github.com/Golangcodes/nextdeploy/cli/internal/serverless/aws_lambda.go:51.2,52.26 2 0
github.com/Golangcodes/nextdeploy/cli/internal/serverless/aws_lambda.go:55.87,57.2 1 0
github.com/Golangcodes/nextdeploy/cli/internal/serverless/aws_lambda.go:59.161,60.50 1 0
github.com/Golangcodes/nextdeploy/cli/internal/serverless/aws_lambda.go:60.50,66.19 4 0
github.com/Golangcodes/nextdeploy/cli/internal/serverless/aws_lambda.go:66.19,68.4 1 0
github.com/Golangcodes/nextdeploy/cli/internal/serverless/aws_lambda.go:70.3,71.17 2 0
github.com/Golangcodes/nextdeploy/cli/internal/serverless/aws_lambda.go:71.17,73.4 1 0
github.com/Golangcodes/nextdeploy/cli/internal/serverless/aws_lambda.go:74.3,74.13 1 0
github.com/Golangcodes/nextdeploy/cli/internal/serverless/aws_lambda.go:77.2,79.125 2 0
github.com/Golangcodes/nextdeploy/cli/internal/serverless/aws_lambda.go:79.125,82.21 3 0
github.com/Golangcodes/nextdeploy/cli/internal/serverless/aws_lambda.go:82.21,84.4 1 0
github.com/Golangcodes/nextdeploy/cli/internal/serverless/aws_lambda.go:87.2,94.16 6 0
github.com/Golangcodes/nextdeploy/cli/internal/serverless/aws_lambda.go:94.16,96.3 1 0
github.com/Golangcodes/nextdeploy/cli/internal/serverless/aws_lambda.go:97.2,101.118 3 0
github.com/Golangcodes/nextdeploy/cli/internal/serverless/aws_lambda.go:101.118,103.3 1 0
github.com/Golangcodes/nextdeploy/cli/internal/serverless/aws_lambda.go:103.8,105.3 1 0
github.com/Golangcodes/nextdeploy/cli/internal/serverless/aws_lambda.go:107.2,107.66 1 0
github.com/Golangcodes/nextdeploy/cli/internal/serverless/aws_lambda.go:107.66,109.3 1 0
github.com/Golangcodes/nextdeploy/cli/internal/serverless/aws_lambda.go:110.2,110.68 1 0
github.com/Golangcodes/nextdeploy/cli/internal/serverless/aws_lambda.go:110.68,112.3 1 0
github.com/Golangcodes/nextdeploy/cli/internal/serverless/aws_lambda.go:115.2,116.16 2 0
github.com/Golangcodes/nextdeploy/cli/internal/serverless/aws_lambda.go:116.16,118.3 1 0
github.com/Golangcodes/nextdeploy/cli/internal/serverless/aws_lambda.go:121.2,122.16 2 0
github.com/Golangcodes/nextdeploy/cli/internal/serverless/aws_lambda.go:122.16,124.3 1 0
github.com/Golangcodes/nextdeploy/cli/internal/serverless/aws_lambda.go:135.2,142.67 3 0
github.com/Golangcodes/nextdeploy/cli/internal/serverless/aws_lambda.go:142.67,144.18 2 0
github.com/Golangcodes/nextdeploy/cli/internal/serverless/aws_lambda.go:144.18,146.4 1 0
github.com/Golangcodes/nextdeploy/cli/internal/serverless/aws_lambda.go:146.9,149.4 2 0
github.com/Golangcodes/nextdeploy/cli/internal/serverless/aws_lambda.go:153.2,154.69 2 0
github.com/Golangcodes/nextdeploy/cli/internal/serverless/aws_lambda.go:154.69,158.17 4 0
github.com/Golangcodes/nextdeploy/cli/internal/serverless/aws_lambda.go:158.17,160.4 1 0
github.com/Golangcodes/nextdeploy/cli/internal/serverless/aws_lambda.go:160.9,170.18 4 0
github.com/Golangcodes/nextdeploy/cli/internal/serverless/aws_lambda.go:170.18,172.5 1 0
github.com/Golangcodes/nextdeploy/cli/internal/serverless/aws_lambda.go:172.10,174.19 2 0
github.com/Golangcodes/nextdeploy/cli/internal/serverless/aws_lambda.go:174.19,176.6 1 0
github.com/Golangcodes/nextdeploy/cli/internal/serverless/aws_lambda.go:182.2,184.18 3 0
github.com/Golangcodes/nextdeploy/cli/internal/serverless/aws_lambda.go:184.18,186.3 1 0
github.com/Golangcodes/nextdeploy/cli/internal/serverless/aws_lambda.go:188.2,190.16 3 0
github.com/Golangcodes/nextdeploy/cli/internal/serverless/aws_lambda.go:190.16,192.3 1 0
github.com/Golangcodes/nextdeploy/cli/internal/serverless/aws_lambda.go:192.8,197.31 2 0
github.com/Golangcodes/nextdeploy/cli/internal/serverless/aws_lambda.go:197.31,199.4 1 0
github.com/Golangcodes/nextdeploy/cli/internal/serverless/aws_lambda.go:202.3,202.87 1 0
github.com/Golangcodes/nextdeploy/cli/internal/serverless/aws_lambda.go:202.87,204.4 1 0
github.com/Golangcodes/nextdeploy/cli/internal/serverless/aws_lambda.go:207.3,209.46 3 0
github.com/Golangcodes/nextdeploy/cli/internal/serverless/aws_lambda.go:209.46,211.4 1 0
github.com/Golangcodes/nextdeploy/cli/internal/serverless/aws_lambda.go:214.3,214.69 1 0
github.com/Golangcodes/nextdeploy/cli/internal/serverless/aws_lambda.go:214.69,216.4 1 0
github.com/Golangcodes/nextdeploy/cli/internal/serverless/aws_lambda.go:221.2,221.90 1 0
github.com/Golangcodes/nextdeploy/cli/internal/serverless/aws_lambda.go:221.90,225.20 4 0
github.com/Golangcodes/nextdeploy/cli/internal/serverless/aws_lambda.go:225.20,227.4 1 0
github.com/Golangcodes/nextdeploy/cli/internal/serverless/aws_lambda.go:227.9,233.108 2 0
github.com/Golangcodes/nextdeploy/cli/internal/serverless/aws_lambda.go:233.108,235.5 1 0
github.com/Golangcodes/nextdeploy/cli/internal/serverless/aws_lambda.go:235.10,235.105 1 0
github.com/Golangcodes/nextdeploy/cli/internal/serverless/aws_lambda.go:235.105,237.5 1 0
github.com/Golangcodes/nextdeploy/cli/internal/serverless/aws_lambda.go:241.2,241.26 1 0
github.com/Golangcodes/nextdeploy/cli/internal/serverless/aws_lambda.go:241.26,247.17 3 0
github.com/Golangcodes/nextdeploy/cli/internal/serverless/aws_lambda.go:247.17,249.4 1 0
github.com/Golangcodes/nextdeploy/cli/internal/serverless/aws_lambda.go:250.3,252.74 2 0
github.com/Golangcodes/nextdeploy/cli/internal/serverless/aws_lambda.go:252.74,254.4 1 0
github.com/Golangcodes/nextdeploy/cli/internal/serverless/aws_lambda.go:257.2,260.65 3 0
github.com/Golangcodes/nextdeploy/cli/internal/serverless/aws_lambda.go:260.65,262.3 1 0
github.com/Golangcodes/nextdeploy/cli/internal/serverless/aws_lambda.go:264.2,276.25 5 0
github.com/Golangcodes/nextdeploy/cli/internal/serverless/aws_lambda.go:276.25,278.3 1 0
github.com/Golangcodes/nextdeploy/cli/internal/serverless/aws_lambda.go:280.2,283.34 4 0
github.com/Golangcodes/nextdeploy/cli/internal/serverless/aws_lambda.go:283.34,285.27 1 0
github.com/Golangcodes/nextdeploy/cli/internal/serverless/aws_lambda.go:285.27,288.18 3 0
github.com/Golangcodes/nextdeploy/cli/internal/serverless/aws_lambda.go:288.18,290.5 1 0
github.com/Golangcodes/nextdeploy/cli/internal/serverless/aws_lambda.go:290.10,291.36 1 0
github.com/Golangcodes/nextdeploy/cli/internal/serverless/aws_lambda.go:291.36,293.6 1 0
github.com/Golangcodes/nextdeploy/cli/internal/serverless/aws_lambda.go:294.5,294.94 1 0
github.com/Golangcodes/nextdeploy/cli/internal/serverless/aws_lambda.go:298.3,306.17 2 0
github.com/Golangcodes/nextdeploy/cli/internal/serverless/aws_lambda.go:306.17,307.9 1 0
github.com/Golangcodes/nextdeploy/cli/internal/serverless/aws_lambda.go:315.3,316.164 2 0
github.com/Golangcodes/nextdeploy/cli/internal/serverless/aws_lambda.go:316.164,317.44 1 0
github.com/Golangcodes/nextdeploy/cli/internal/serverless/aws_lambda.go:317.44,334.5 16 0
github.com/Golangcodes/nextdeploy/cli/internal/serverless/aws_lambda.go:335.4,335.29 1 0
github.com/Golangcodes/nextdeploy/cli/internal/serverless/aws_lambda.go:335.29,345.13 10 0
github.com/Golangcodes/nextdeploy/cli/internal/serverless/aws_lambda.go:349.3,350.52 2 0
github.com/Golangcodes/nextdeploy/cli/internal/serverless/aws_lambda.go:350.52,353.12 3 0
github.com/Golangcodes/nextdeploy/cli/internal/serverless/aws_lambda.go:355.3,356.70 2 0
github.com/Golangcodes/nextdeploy/cli/internal/serverless/aws_lambda.go:359.2,360.73 2 0
github.com/Golangcodes/nextdeploy/cli/internal/serverless/aws_lambda.go:360.73,362.3 1 0
github.com/Golangcodes/nextdeploy/cli/internal/serverless/aws_lambda.go:365.2,369.16 2 0
github.com/Golangcodes/nextdeploy/cli/internal/serverless/aws_lambda.go:369.16,371.3 1 0
github.com/Golangcodes/nextdeploy/cli/internal/serverless/aws_lambda.go:371.8,373.3 1 0
github.com/Golangcodes/nextdeploy/cli/internal/serverless/aws_lambda.go:375.2,375.12 1 0
github.com/Golangcodes/nextdeploy/cli/internal/serverless/aws_lambda.go:385.116,394.16 6 0
github.com/Golangcodes/nextdeploy/cli/internal/serverless/aws_lambda.go:394.16,396.3 1 0
github.com/Golangcodes/nextdeploy/cli/internal/serverless/aws_lambda.go:398.2,399.16 2 0
github.com/Golangcodes/nextdeploy/cli/internal/serverless/aws_lambda.go:399.16,401.3 1 0
github.com/Golangcodes/nextdeploy/cli/internal/serverless/aws_lambda.go:403.2,403.21 1 0
github.com/Golangcodes/nextdeploy/cli/internal/serverless/aws_lambda.go:403.21,405.3 1 0
github.com/Golangcodes/nextdeploy/cli/internal/serverless/aws_lambda.go:407.2,408.28 2 0
github.com/Golangcodes/nextdeploy/cli/internal/serverless/aws_lambda.go:408.28,410.3 1 0
github.com/Golangcodes/nextdeploy/cli/internal/serverless/aws_lambda.go:411.2,419.16 3 0
github.com/Golangcodes/nextdeploy/cli/internal/serverless/aws_lambda.go:419.16,421.3 1 0
github.com/Golangcodes/nextdeploy/cli/internal/serverless/aws_lambda.go:423.2,424.73 2 0
github.com/Golangcodes/nextdeploy/cli/internal/serverless/aws_lambda.go:424.73,426.3 1 0
github.com/Golangcodes/nextdeploy/cli/internal/serverless/aws_lambda.go:430.2,431.28 2 0
github.com/Golangcodes/nextdeploy/cli/internal/serverless/aws_lambda.go:431.28,433.3 1 0
github.com/Golangcodes/nextdeploy/cli/internal/serverless/aws_lambda.go:434.2,440.55 2 0
github.com/Golangcodes/nextdeploy/cli/internal/serverless/aws_lambda.go:440.55,442.3 1 0
github.com/Golangcodes/nextdeploy/cli/internal/serverless/aws_lambda.go:444.2,445.12 2 0
github.com/Golangcodes/nextdeploy/cli/internal/serverless/aws_lambda.go:448.199,452.16 2 0
github.com/Golangcodes/nextdeploy/cli/internal/serverless/aws_lambda.go:452.16,454.3 1 0
github.com/Golangcodes/nextdeploy/cli/internal/serverless/aws_lambda.go:456.2,457.32 2 0
github.com/Golangcodes/nextdeploy/cli/internal/serverless/aws_lambda.go:457.32,459.3 1 0
github.com/Golangcodes/nextdeploy/cli/internal/serverless/aws_lambda.go:462.2,463.24 2 0
github.com/Golangcodes/nextdeploy/cli/internal/serverless/aws_lambda.go:463.24,465.3 1 0
github.com/Golangcodes/nextdeploy/cli/internal/serverless/aws_lambda.go:467.2,468.24 2 0
github.com/Golangcodes/nextdeploy/cli/internal/serverless/aws_lambda.go:468.24,470.3 1 0
github.com/Golangcodes/nextdeploy/cli/internal/serverless/aws_lambda.go:472.2,473.26 2 0
github.com/Golangcodes/nextdeploy/cli/internal/serverless/aws_lambda.go:473.26,475.3 1 0
github.com/Golangcodes/nextdeploy/cli/internal/serverless/aws_lambda.go:477.2,478.23 2 0
github.com/Golangcodes/nextdeploy/cli/internal/serverless/aws_lambda.go:478.23,480.3 1 0
github.com/Golangcodes/nextdeploy/cli/internal/serverless/aws_lambda.go:483.2,484.72 2 0
github.com/Golangcodes/nextdeploy/cli/internal/serverless/aws_lambda.go:484.72,486.67 2 0
github.com/Golangcodes/nextdeploy/cli/internal/serverless/aws_lambda.go:486.67,489.4 2 0
github.com/Golangcodes/nextdeploy/cli/internal/serverless/aws_lambda.go:490.8,493.17 3 0
github.com/Golangcodes/nextdeploy/cli/internal/serverless/aws_lambda.go:493.17,495.4 1 0
github.com/Golangcodes/nextdeploy/cli/internal/serverless/aws_lambda.go:498.2,527.34 8 0
github.com/Golangcodes/nextdeploy/cli/internal/serverless/aws_lambda.go:527.34,529.23 2 0
github.com/Golangcodes/nextdeploy/cli/internal/serverless/aws_lambda.go:529.23,532.4 2 0
github.com/Golangcodes/nextdeploy/cli/internal/serverless/aws_lambda.go:535.3,536.181 2 0
github.com/Golangcodes/nextdeploy/cli/internal/serverless/aws_lambda.go:536.181,537.31 1 0
github.com/Golangcodes/nextdeploy/cli/internal/serverless/aws_lambda.go:537.31,539.5 1 0
github.com/Golangcodes/nextdeploy/cli/internal/serverless/aws_lambda.go:540.4,540.29 1 0
github.com/Golangcodes/nextdeploy/cli/internal/serverless/aws_lambda.go:540.29,545.13 5 0
github.com/Golangcodes/nextdeploy/cli/internal/serverless/aws_lambda.go:549.3,550.109 2 0
github.com/Golangcodes/nextdeploy/cli/internal/serverless/aws_lambda.go:550.109,553.12 3 0
github.com/Golangcodes/nextdeploy/cli/internal/serverless/aws_lambda.go:556.3,556.78 1 0
github.com/Golangcodes/nextdeploy/cli/internal/serverless/aws_lambda.go:559.2,559.127 1 0
github.com/Golangcodes/nextdeploy/cli/internal/serverless/aws_lambda.go:562.114,564.34 2 0
github.com/Golangcodes/nextdeploy/cli/internal/serverless/aws_lambda.go:564.34,568.17 2 0
github.com/Golangcodes/nextdeploy/cli/internal/serverless/aws_lambda.go:568.17,570.4 1 0
github.com/Golangcodes/nextdeploy/cli/internal/serverless/aws_lambda.go:572.3,575.55 3 0
github.com/Golangcodes/nextdeploy/cli/internal/serverless/aws_lambda.go:575.55,577.4 1 0
github.com/Golangcodes/nextdeploy/cli/internal/serverless/aws_lambda.go:578.3,578.51 1 0
github.com/Golangcodes/nextdeploy/cli/internal/serverless/aws_lambda.go:578.51,580.4 1 0
github.com/Golangcodes/nextdeploy/cli/internal/serverless/aws_lambda.go:582.3,582.30 1 0
github.com/Golangcodes/nextdeploy/cli/internal/serverless/aws_lambda.go:584.2,584.61 1 0
github.com/Golangcodes/nextdeploy/cli/internal/serverless/aws_lambda.go:587.134,596.16 4 0
github.com/Golangcodes/nextdeploy/cli/internal/serverless/aws_lambda.go:596.16,600.66 3 0
github.com/Golangcodes/nextdeploy/cli/internal/serverless/aws_lambda.go:600.66,606.18 3 0
github.com/Golangcodes/nextdeploy/cli/internal/serverless/aws_lambda.go:606.18,608.5 1 0
github.com/Golangcodes/nextdeploy/cli/internal/serverless/aws_lambda.go:610.8,612.33 2 0
github.com/Golangcodes/nextdeploy/cli/internal/serverless/aws_lambda.go:612.33,614.4 1 0
github.com/Golangcodes/nextdeploy/cli/internal/serverless/aws_lambda.go:617.3,622.17 3 0
github.com/Golangcodes/nextdeploy/cli/internal/serverless/aws_lambda.go:622.17,624.4 1 0
github.com/Golangcodes/nextdeploy/cli/internal/serverless/aws_lambda.go:625.3,625.42 1 0
github.com/Golangcodes/nextdeploy/cli/internal/serverless/aws_lambda.go:629.2,633.46 3 0
github.com/Golangcodes/nextdeploy/cli/internal/serverless/aws_lambda.go:633.46,635.27 2 0
github.com/Golangcodes/nextdeploy/cli/internal/serverless/aws_lambda.go:635.27,637.4 1 0
github.com/Golangcodes/nextdeploy/cli/internal/serverless/aws_lambda.go:639.3,639.36 1 0
github.com/Golangcodes/nextdeploy/cli/internal/serverless/aws_lambda.go:639.36,640.51 1 0
github.com/Golangcodes/nextdeploy/cli/internal/serverless/aws_lambda.go:640.51,645.5 1 0
github.com/Golangcodes/nextdeploy/cli/internal/serverless/aws_lambda.go:650.2,654.16 4 0
github.com/Golangcodes/nextdeploy/cli/internal/serverless/aws_lambda.go:654.16,656.3 1 0
github.com/Golangcodes/nextdeploy/cli/internal/serverless/aws_lambda.go:657.2,675.35 3 0
github.com/Golangcodes/nextdeploy/cli/internal/serverless/aws_lambda.go:675.35,677.35 2 0
github.com/Golangcodes/nextdeploy/cli/internal/serverless/aws_lambda.go:677.35,687.49 2 0
github.com/Golangcodes/nextdeploy/cli/internal/serverless/aws_lambda.go:687.49,689.5 1 0
github.com/Golangcodes/nextdeploy/cli/internal/serverless/aws_lambda.go:691.4,692.18 2 0
github.com/Golangcodes/nextdeploy/cli/internal/serverless/aws_lambda.go:692.18,694.10 2 0
github.com/Golangcodes/nextdeploy/cli/internal/serverless/aws_lambda.go:696.4,696.55 1 0
github.com/Golangcodes/nextdeploy/cli/internal/serverless/aws_lambda.go:696.55,698.10 2 0
github.com/Golangcodes/nextdeploy/cli/internal/serverless/aws_lambda.go:701.4,702.102 2 0
github.com/Golangcodes/nextdeploy/cli/internal/serverless/aws_lambda.go:702.102,705.13 3 0
github.com/Golangcodes/nextdeploy/cli/internal/serverless/aws_lambda.go:707.4,708.9 2 0
github.com/Golangcodes/nextdeploy/cli/internal/serverless/aws_lambda.go:712.2,712.25 1 0
github.com/Golangcodes/nextdeploy/cli/internal/serverless/aws_lambda.go:715.169,719.16 2 0
github.com/Golangcodes/nextdeploy/cli/internal/serverless/aws_lambda.go:719.16,726.17 3 0
github.com/Golangcodes/nextdeploy/cli/internal/serverless/aws_lambda.go:726.17,728.4 1 0
github.com/Golangcodes/nextdeploy/cli/internal/serverless/aws_lambda.go:730.3,739.17 3 0
github.com/Golangcodes/nextdeploy/cli/internal/serverless/aws_lambda.go:739.17,741.4 1 0
github.com/Golangcodes/nextdeploy/cli/internal/serverless/aws_lambda.go:743.3,743.20 1 0
github.com/Golangcodes/nextdeploy/cli/internal/serverless/aws_lambda.go:746.2,747.32 2 0
github.com/Golangcodes/nextdeploy/cli/internal/serverless/aws_lambda.go:747.32,749.3 1 0
github.com/Golangcodes/nextdeploy/cli/internal/serverless/aws_lambda.go:751.2,752.16 2 0
github.com/Golangcodes/nextdeploy/cli/internal/serverless/aws_lambda.go:752.16,754.3 1 0
github.com/Golangcodes/nextdeploy/cli/internal/serverless/aws_lambda.go:756.2,773.34 5 0
github.com/Golangcodes/nextdeploy/cli/internal/serverless/aws_lambda.go:773.34,775.17 2 0
github.com/Golangcodes/nextdeploy/cli/internal/serverless/aws_lambda.go:775.17,778.4 2 0
github.com/Golangcodes/nextdeploy/cli/internal/serverless/aws_lambda.go:780.3,781.97 2 0
github.com/Golangcodes/nextdeploy/cli/internal/serverless/aws_lambda.go:781.97,784.12 3 0
github.com/Golangcodes/nextdeploy/cli/internal/serverless/aws_lambda.go:787.3,787.82 1 0
github.com/Golangcodes/nextdeploy/cli/internal/serverless/aws_lambda.go:790.2,790.86 1 0
github.com/Golangcodes/nextdeploy/cli/internal/serverless/aws_lambda.go:793.92,801.16 5 0
github.com/Golangcodes/nextdeploy/cli/internal/serverless/aws_lambda.go:801.16,802.54 1 0
github.com/Golangcodes/nextdeploy/cli/internal/serverless/aws_lambda.go:802.54,804.4 1 0
github.com/Golangcodes/nextdeploy/cli/internal/serverless/aws_lambda.go:807.2,811.16 2 0
github.com/Golangcodes/nextdeploy/cli/internal/serverless/aws_lambda.go:811.16,813.3 1 0
github.com/Golangcodes/nextdeploy/cli/internal/serverless/aws_lambda.go:815.2,815.12 1 0
github.com/Golangcodes/nextdeploy/cli/internal/serverless/aws_lambda.go:818.94,840.16 5 0
github.com/Golangcodes/nextdeploy/cli/internal/serverless/aws_lambda.go:840.16,842.3 1 0
github.com/Golangcodes/nextdeploy/cli/internal/serverless/aws_lambda.go:843.2,843.12 1 0
github.com/Golangcodes/nextdeploy/cli/internal/serverless/aws_s3.go:34.81,36.23 2 0
github.com/Golangcodes/nextdeploy/cli/internal/serverless/aws_s3.go:36.23,38.3 1 0
github.com/Golangcodes/nextdeploy/cli/internal/serverless/aws_s3.go:39.2,39.30 1 0
github.com/Golangcodes/nextdeploy/cli/internal/serverless/aws_s3.go:42.115,46.16 2 0
github.com/Golangcodes/nextdeploy/cli/internal/serverless/aws_s3.go:46.16,48.3 1 0
github.com/Golangcodes/nextdeploy/cli/internal/serverless/aws_s3.go:50.2,57.27 3 0
github.com/Golangcodes/nextdeploy/cli/internal/serverless/aws_s3.go:57.27,61.3 1 0
github.com/Golangcodes/nextdeploy/cli/internal/serverless/aws_s3.go:63.2,64.16 2 0
github.com/Golangcodes/nextdeploy/cli/internal/serverless/aws_s3.go:64.16,66.3 1 0
github.com/Golangcodes/nextdeploy/cli/internal/serverless/aws_s3.go:68.2,69.12 2 0
github.com/Golangcodes/nextdeploy/cli/internal/serverless/aws_s3.go:72.142,75.62 2 2
github.com/Golangcodes/nextdeploy/cli/internal/serverless/aws_s3.go:75.62,77.17 2 7
github.com/Golangcodes/nextdeploy/cli/internal/serverless/aws_s3.go:77.17,79.4 1 0
github.com/Golangcodes/nextdeploy/cli/internal/serverless/aws_s3.go:81.3,89.17 3 7
github.com/Golangcodes/nextdeploy/cli/internal/serverless/aws_s3.go:89.17,90.23 1 1
github.com/Golangcodes/nextdeploy/cli/internal/serverless/aws_s3.go:90.23,92.5 1 0
github.com/Golangcodes/nextdeploy/cli/internal/serverless/aws_s3.go:93.4,93.14 1 1
github.com/Golangcodes/nextdeploy/cli/internal/serverless/aws_s3.go:95.3,95.22 1 6
github.com/Golangcodes/nextdeploy/cli/internal/serverless/aws_s3.go:95.22,97.4 1 0
github.com/Golangcodes/nextdeploy/cli/internal/serverless/aws_s3.go:99.3,100.37 2 6
github.com/Golangcodes/nextdeploy/cli/internal/serverless/aws_s3.go:100.37,101.9 1 1
github.com/Golangcodes/nextdeploy/cli/internal/serverless/aws_s3.go:104.3,107.10 3 5
github.com/Golangcodes/nextdeploy/cli/internal/serverless/aws_s3.go:108.21,109.75 1 0
github.com/Golangcodes/nextdeploy/cli/internal/serverless/aws_s3.go:110.28,110.28 0 5
github.com/Golangcodes/nextdeploy/cli/internal/serverless/aws_s3.go:114.2,114.107 1 1
github.com/Golangcodes/nextdeploy/cli/internal/serverless/aws_s3.go:117.160,121.22 3 0
github.com/Golangcodes/nextdeploy/cli/internal/serverless/aws_s3.go:121.22,124.3 2 0
github.com/Golangcodes/nextdeploy/cli/internal/serverless/aws_s3.go:126.2,129.96 2 0
github.com/Golangcodes/nextdeploy/cli/internal/serverless/aws_s3.go:129.96,131.3 1 0
github.com/Golangcodes/nextdeploy/cli/internal/serverless/aws_s3.go:133.2,135.37 2 0
github.com/Golangcodes/nextdeploy/cli/internal/serverless/aws_s3.go:135.37,136.64 1 0
github.com/Golangcodes/nextdeploy/cli/internal/serverless/aws_s3.go:136.64,138.4 1 0
github.com/Golangcodes/nextdeploy/cli/internal/serverless/aws_s3.go:140.3,140.82 1 0
github.com/Golangcodes/nextdeploy/cli/internal/serverless/aws_s3.go:140.82,142.4 1 0
github.com/Golangcodes/nextdeploy/cli/internal/serverless/aws_s3.go:145.2,146.12 2 0
github.com/Golangcodes/nextdeploy/cli/internal/serverless/aws_s3.go:151.102,157.34 2 0
github.com/Golangcodes/nextdeploy/cli/internal/serverless/aws_s3.go:157.34,159.17 2 0
github.com/Golangcodes/nextdeploy/cli/internal/serverless/aws_s3.go:159.17,161.37 2 0
github.com/Golangcodes/nextdeploy/cli/internal/serverless/aws_s3.go:161.37,163.5 1 0
github.com/Golangcodes/nextdeploy/cli/internal/serverless/aws_s3.go:164.4,164.14 1 0
github.com/Golangcodes/nextdeploy/cli/internal/serverless/aws_s3.go:167.3,169.35 2 0
github.com/Golangcodes/nextdeploy/cli/internal/serverless/aws_s3.go:169.35,174.4 1 0
github.com/Golangcodes/nextdeploy/cli/internal/serverless/aws_s3.go:175.3,175.41 1 0
github.com/Golangcodes/nextdeploy/cli/internal/serverless/aws_s3.go:175.41,180.4 1 0
github.com/Golangcodes/nextdeploy/cli/internal/serverless/aws_s3.go:182.3,182.24 1 0
github.com/Golangcodes/nextdeploy/cli/internal/serverless/aws_s3.go:182.24,183.12 1 0
github.com/Golangcodes/nextdeploy/cli/internal/serverless/aws_s3.go:186.3,192.17 2 0
github.com/Golangcodes/nextdeploy/cli/internal/serverless/aws_s3.go:192.17,194.4 1 0
github.com/Golangcodes/nextdeploy/cli/internal/serverless/aws_s3.go:198.2,202.31 2 0
github.com/Golangcodes/nextdeploy/cli/internal/serverless/aws_s3.go:202.31,204.17 2 0
github.com/Golangcodes/nextdeploy/cli/internal/serverless/aws_s3.go:204.17,206.37 2 0
github.com/Golangcodes/nextdeploy/cli/internal/serverless/aws_s3.go:206.37,208.5 1 0
github.com/Golangcodes/nextdeploy/cli/internal/serverless/aws_s3.go:209.4,209.14 1 0
github.com/Golangcodes/nextdeploy/cli/internal/serverless/aws_s3.go:212.3,212.30 1 0
github.com/Golangcodes/nextdeploy/cli/internal/serverless/aws_s3.go:212.30,213.12 1 0
github.com/Golangcodes/nextdeploy/cli/internal/serverless/aws_s3.go:216.3,217.37 2 0
github.com/Golangcodes/nextdeploy/cli/internal/serverless/aws_s3.go:217.37,221.4 1 0
github.com/Golangcodes/nextdeploy/cli/internal/serverless/aws_s3.go:223.3,229.17 2 0
github.com/Golangcodes/nextdeploy/cli/internal/serverless/aws_s3.go:229.17,231.4 1 0
github.com/Golangcodes/nextdeploy/cli/internal/serverless/aws_s3.go:234.2,234.12 1 0
github.com/Golangcodes/nextdeploy/cli/internal/serverless/aws_s3.go:239.112,267.46 6 0
github.com/Golangcodes/nextdeploy/cli/internal/serverless/aws_s3.go:267.46,269.89 2 0
github.com/Golangcodes/nextdeploy/cli/internal/serverless/aws_s3.go:269.89,270.62 1 0
github.com/Golangcodes/nextdeploy/cli/internal/serverless/aws_s3.go:270.62,272.29 1 0
github.com/Golangcodes/nextdeploy/cli/internal/serverless/aws_s3.go:272.29,273.50 1 0
github.com/Golangcodes/nextdeploy/cli/internal/serverless/aws_s3.go:273.50,274.30 1 0
github.com/Golangcodes/nextdeploy/cli/internal/serverless/aws_s3.go:274.30,275.16 1 0
github.com/Golangcodes/nextdeploy/cli/internal/serverless/aws_s3.go:278.6,278.56 1 0
github.com/Golangcodes/nextdeploy/cli/internal/serverless/aws_s3.go:284.2,297.16 5 0
github.com/Golangcodes/nextdeploy/cli/internal/serverless/aws_s3.go:297.16,299.3 1 0
github.com/Golangcodes/nextdeploy/cli/internal/serverless/aws_s3.go:301.2,302.12 2 0
github.com/Golangcodes/nextdeploy/cli/internal/serverless/aws_s3.go:305.34,306.9 1 0
github.com/Golangcodes/nextdeploy/cli/internal/serverless/aws_s3.go:307.22,308.56 1 0
github.com/Golangcodes/nextdeploy/cli/internal/serverless/aws_s3.go:309.17,310.49 1 0
github.com/Golangcodes/nextdeploy/cli/internal/serverless/aws_s3.go:311.10,312.32 1 0
github.com/Golangcodes/nextdeploy/cli/internal/serverless/aws_s3.go:316.44,346.37 3 0
github.com/Golangcodes/nextdeploy/cli/internal/serverless/aws_s3.go:346.37,348.3 1 0
github.com/Golangcodes/nextdeploy/cli/internal/serverless/aws_s3.go:349.2,349.47 1 0
github.com/Golangcodes/nextdeploy/cli/internal/serverless/aws_s3.go:349.47,351.3 1 0
github.com/Golangcodes/nextdeploy/cli/internal/serverless/aws_s3.go:352.2,352.35 1 0
github.com/Golangcodes/nextdeploy/cli/internal/serverless/aws_s3.go:378.42,379.51 1 0
github.com/Golangcodes/nextdeploy/cli/internal/serverless/aws_s3.go:379.51,380.37 1 0
github.com/Golangcodes/nextdeploy/cli/internal/serverless/aws_s3.go:380.37,382.4 1 0
github.com/Golangcodes/nextdeploy/cli/internal/serverless/aws_s3.go:384.2,385.21 2 0
github.com/Golangcodes/nextdeploy/cli/internal/serverless/aws_s3.go:398.101,399.23 1 0
github.com/Golangcodes/nextdeploy/cli/internal/serverless/aws_s3.go:399.23,401.3 1 0
github.com/Golangcodes/nextdeploy/cli/internal/serverless/aws_s3.go:403.2,403.25 1 0
github.com/Golangcodes/nextdeploy/cli/internal/serverless/aws_s3.go:403.25,406.42 2 0
github.com/Golangcodes/nextdeploy/cli/internal/serverless/aws_s3.go:406.42,407.27 1 0
github.com/Golangcodes/nextdeploy/cli/internal/serverless/aws_s3.go:407.27,408.13 1 0
github.com/Golangcodes/nextdeploy/cli/internal/serverless/aws_s3.go:410.4,410.72 1 0
github.com/Golangcodes/nextdeploy/cli/internal/serverless/aws_s3.go:410.72,412.5 1 0
github.com/Golangcodes/nextdeploy/cli/internal/serverless/aws_s3.go:414.3,414.174 1 0
github.com/Golangcodes/nextdeploy/cli/internal/serverless/aws_s3.go:417.2,418.16 2 0
github.com/Golangcodes/nextdeploy/cli/internal/serverless/aws_s3.go:418.16,420.3 1 0
github.com/Golangcodes/nextdeploy/cli/internal/serverless/aws_s3.go:421.2,421.28 1 0
github.com/Golangcodes/nextdeploy/cli/internal/serverless/aws_s3.go:421.28,423.3 1 0
github.com/Golangcodes/nextdeploy/cli/internal/serverless/aws_s3.go:424.2,424.43 1 0
github.com/Golangcodes/nextdeploy/cli/internal/serverless/aws_s3.go:429.38,430.20 1 0
github.com/Golangcodes/nextdeploy/cli/internal/serverless/aws_s3.go:430.20,432.3 1 0
github.com/Golangcodes/nextdeploy/cli/internal/serverless/aws_s3.go:433.2,433.16 1 0
github.com/Golangcodes/nextdeploy/cli/internal/serverless/aws_s3.go:433.16,435.3 1 0
github.com/Golangcodes/nextdeploy/cli/internal/serverless/aws_s3.go:436.2,436.13 1 0
github.com/Golangcodes/nextdeploy/cli/internal/serverless/aws_s3.go:443.163,449.17 5 0
github.com/Golangcodes/nextdeploy/cli/internal/serverless/aws_s3.go:449.17,453.3 3 0
github.com/Golangcodes/nextdeploy/cli/internal/serverless/aws_s3.go:454.2,463.16 3 0
github.com/Golangcodes/nextdeploy/cli/internal/serverless/aws_s3.go:463.16,465.3 1 0
github.com/Golangcodes/nextdeploy/cli/internal/serverless/aws_s3.go:468.2,476.16 4 0
github.com/Golangcodes/nextdeploy/cli/internal/serverless/aws_s3.go:476.16,477.79 1 0
github.com/Golangcodes/nextdeploy/cli/internal/serverless/aws_s3.go:477.79,479.4 1 0
github.com/Golangcodes/nextdeploy/cli/internal/serverless/aws_s3.go:480.3,480.22 1 0
github.com/Golangcodes/nextdeploy/cli/internal/serverless/aws_s3.go:482.2,491.48 3 0
github.com/Golangcodes/nextdeploy/cli/internal/serverless/aws_s3.go:491.48,493.3 1 0
github.com/Golangcodes/nextdeploy/cli/internal/serverless/aws_s3.go:495.2,502.16 3 0
github.com/Golangcodes/nextdeploy/cli/internal/serverless/aws_s3.go:502.16,504.3 1 0
github.com/Golangcodes/nextdeploy/cli/internal/serverless/aws_s3.go:506.2,506.20 1 0
github.com/Golangcodes/nextdeploy/cli/internal/serverless/aws_s3.go:512.131,520.16 4 0
github.com/Golangcodes/nextdeploy/cli/internal/serverless/aws_s3.go:520.16,522.3 1 0
github.com/Golangcodes/nextdeploy/cli/internal/serverless/aws_s3.go:523.2,526.68 3 0
github.com/Golangcodes/nextdeploy/cli/internal/serverless/aws_s3.go:526.68,528.3 1 0
github.com/Golangcodes/nextdeploy/cli/internal/serverless/aws_s3.go:529.2,530.30 2 0
github.com/Golangcodes/nextdeploy/cli/internal/serverless/aws_secrets.go:17.95,18.79 1 0
github.com/Golangcodes/nextdeploy/cli/internal/serverless/aws_secrets.go:18.79,21.3 2 0
github.com/Golangcodes/nextdeploy/cli/internal/serverless/aws_secrets.go:26.90,27.79 1 0
github.com/Golangcodes/nextdeploy/cli/internal/serverless/aws_secrets.go:27.79,28.27 1 0
github.com/Golangcodes/nextdeploy/cli/internal/serverless/aws_secrets.go:28.27,30.4 1 0
github.com/Golangcodes/nextdeploy/cli/internal/serverless/aws_secrets.go:31.3,32.19 2 0
github.com/Golangcodes/nextdeploy/cli/internal/serverless/aws_secrets.go:53.126,58.54 4 0
github.com/Golangcodes/nextdeploy/cli/internal/serverless/aws_secrets.go:58.54,60.17 2 0
github.com/Golangcodes/nextdeploy/cli/internal/serverless/aws_secrets.go:60.17,62.4 1 0
github.com/Golangcodes/nextdeploy/cli/internal/serverless/aws_secrets.go:64.3,65.18 2 0
github.com/Golangcodes/nextdeploy/cli/internal/serverless/aws_secrets.go:65.18,67.4 1 0
github.com/Golangcodes/nextdeploy/cli/internal/serverless/aws_secrets.go:68.3,68.15 1 0
github.com/Golangcodes/nextdeploy/cli/internal/serverless/aws_secrets.go:68.15,70.4 1 0
github.com/Golangcodes/nextdeploy/cli/internal/serverless/aws_secrets.go:74.3,75.17 2 0
github.com/Golangcodes/nextdeploy/cli/internal/serverless/aws_secrets.go:75.17,77.4 1 0
github.com/Golangcodes/nextdeploy/cli/internal/serverless/aws_secrets.go:78.3,78.33 1 0
github.com/Golangcodes/nextdeploy/cli/internal/serverless/aws_secrets.go:78.33,81.12 2 0
github.com/Golangcodes/nextdeploy/cli/internal/serverless/aws_secrets.go:84.3,84.64 1 0
github.com/Golangcodes/nextdeploy/cli/internal/serverless/aws_secrets.go:84.64,86.4 1 0
github.com/Golangcodes/nextdeploy/cli/internal/serverless/aws_secrets.go:87.3,87.13 1 0
github.com/Golangcodes/nextdeploy/cli/internal/serverless/aws_secrets.go:89.2,89.115 1 0
github.com/Golangcodes/nextdeploy/cli/internal/serverless/aws_secrets.go:94.153,98.16 2 0
github.com/Golangcodes/nextdeploy/cli/internal/serverless/aws_secrets.go:98.16,100.32 2 0
github.com/Golangcodes/nextdeploy/cli/internal/serverless/aws_secrets.go:100.32,102.4 1 0
github.com/Golangcodes/nextdeploy/cli/internal/serverless/aws_secrets.go:103.3,103.69 1 0
github.com/Golangcodes/nextdeploy/cli/internal/serverless/aws_secrets.go:106.2,107.29 2 0
github.com/Golangcodes/nextdeploy/cli/internal/serverless/aws_secrets.go:107.29,109.3 1 0
github.com/Golangcodes/nextdeploy/cli/internal/serverless/aws_secrets.go:111.2,112.76 2 0
github.com/Golangcodes/nextdeploy/cli/internal/serverless/aws_secrets.go:112.76,114.3 1 0
github.com/Golangcodes/nextdeploy/cli/internal/serverless/aws_secrets.go:115.2,115.20 1 0
github.com/Golangcodes/nextdeploy/cli/internal/serverless/aws_secrets.go:115.20,117.3 1 0
github.com/Golangcodes/nextdeploy/cli/internal/serverless/aws_secrets.go:118.2,118.32 1 0
github.com/Golangcodes/nextdeploy/cli/internal/serverless/aws_secrets.go:121.98,129.16 4 0
github.com/Golangcodes/nextdeploy/cli/internal/serverless/aws_secrets.go:129.16,131.32 2 0
github.com/Golangcodes/nextdeploy/cli/internal/serverless/aws_secrets.go:131.32,133.4 1 0
github.com/Golangcodes/nextdeploy/cli/internal/serverless/aws_secrets.go:134.3,134.70 1 0
github.com/Golangcodes/nextdeploy/cli/internal/serverless/aws_secrets.go:137.2,137.32 1 0
github.com/Golangcodes/nextdeploy/cli/internal/serverless/aws_secrets.go:137.32,139.3 1 0
github.com/Golangcodes/nextdeploy/cli/internal/serverless/aws_secrets.go:141.2,142.79 2 0
github.com/Golangcodes/nextdeploy/cli/internal/serverless/aws_secrets.go:142.79,144.3 1 0
github.com/Golangcodes/nextdeploy/cli/internal/serverless/aws_secrets.go:146.2,146.21 1 0
github.com/Golangcodes/nextdeploy/cli/internal/serverless/aws_secrets.go:149.107,156.16 5 0
github.com/Golangcodes/nextdeploy/cli/internal/serverless/aws_secrets.go:156.16,158.3 1 0
github.com/Golangcodes/nextdeploy/cli/internal/serverless/aws_secrets.go:159.2,164.102 2 0
github.com/Golangcodes/nextdeploy/cli/internal/serverless/aws_secrets.go:164.102,167.3 2 0
github.com/Golangcodes/nextdeploy/cli/internal/serverless/aws_secrets.go:170.2,175.16 2 0
github.com/Golangcodes/nextdeploy/cli/internal/serverless/aws_secrets.go:175.16,177.32 2 0
github.com/Golangcodes/nextdeploy/cli/internal/serverless/aws_secrets.go:177.32,183.24 3 0
github.com/Golangcodes/nextdeploy/cli/internal/serverless/aws_secrets.go:183.24,185.5 1 0
github.com/Golangcodes/nextdeploy/cli/internal/serverless/aws_secrets.go:186.9,186.66 1 0
github.com/Golangcodes/nextdeploy/cli/internal/serverless/aws_secrets.go:186.66,191.25 3 0
github.com/Golangcodes/nextdeploy/cli/internal/serverless/aws_secrets.go:191.25,193.5 1 0
github.com/Golangcodes/nextdeploy/cli/internal/serverless/aws_secrets.go:195.4,199.23 2 0
github.com/Golangcodes/nextdeploy/cli/internal/serverless/aws_secrets.go:199.23,201.5 1 0
github.com/Golangcodes/nextdeploy/cli/internal/serverless/aws_secrets.go:202.9,204.4 1 0
github.com/Golangcodes/nextdeploy/cli/internal/serverless/aws_secrets.go:207.2,208.12 2 0
github.com/Golangcodes/nextdeploy/cli/internal/serverless/aws_secrets.go:212.48,213.22 1 6
github.com/Golangcodes/nextdeploy/cli/internal/serverless/aws_secrets.go:213.22,215.3 1 1
github.com/Golangcodes/nextdeploy/cli/internal/serverless/aws_secrets.go:216.2,216.22 1 5
github.com/Golangcodes/nextdeploy/cli/internal/serverless/aws_secrets.go:216.22,217.37 1 3
github.com/Golangcodes/nextdeploy/cli/internal/serverless/aws_secrets.go:217.37,219.4 1 2
github.com/Golangcodes/nextdeploy/cli/internal/serverless/aws_secrets.go:221.2,221.13 1 3
github.com/Golangcodes/nextdeploy/cli/internal/serverless/aws_sqs.go:15.114,28.19 5 0
github.com/Golangcodes/nextdeploy/cli/internal/serverless/aws_sqs.go:28.19,30.6 1 0
github.com/Golangcodes/nextdeploy/cli/internal/serverless/aws_sqs.go:32.5,38.19 3 0
github.com/Golangcodes/nextdeploy/cli/internal/serverless/aws_sqs.go:38.19,40.6 1 0
github.com/Golangcodes/nextdeploy/cli/internal/serverless/aws_sqs.go:42.5,43.35 2 0
github.com/Golangcodes/nextdeploy/cli/internal/serverless/aws_sqs.go:46.127,53.19 3 0
github.com/Golangcodes/nextdeploy/cli/internal/serverless/aws_sqs.go:53.19,55.6 1 0
github.com/Golangcodes/nextdeploy/cli/internal/serverless/aws_sqs.go:57.5,57.48 1 0
github.com/Golangcodes/nextdeploy/cli/internal/serverless/aws_sqs.go:57.48,60.6 2 0
github.com/Golangcodes/nextdeploy/cli/internal/serverless/aws_sqs.go:62.2,63.48 2 0
github.com/Golangcodes/nextdeploy/cli/internal/serverless/aws_sqs.go:63.48,71.29 2 0
github.com/Golangcodes/nextdeploy/cli/internal/serverless/aws_sqs.go:71.29,74.10 2 0
github.com/Golangcodes/nextdeploy/cli/internal/serverless/aws_sqs.go:76.9,76.83 1 0
github.com/Golangcodes/nextdeploy/cli/internal/serverless/aws_sqs.go:76.83,77.18 1 0
github.com/Golangcodes/nextdeploy/cli/internal/serverless/aws_sqs.go:80.9,81.36 2 0
github.com/Golangcodes/nextdeploy/cli/internal/serverless/aws_sqs.go:84.5,84.92 1 0
github.com/Golangcodes/nextdeploy/cli/internal/serverless/cloudflare.go:30.50,35.2 1 0
github.com/Golangcodes/nextdeploy/cli/internal/serverless/cloudflare.go:38.98,42.50 3 0
github.com/Golangcodes/nextdeploy/cli/internal/serverless/cloudflare.go:42.50,44.3 1 0
github.com/Golangcodes/nextdeploy/cli/internal/serverless/cloudflare.go:45.2,45.22 1 0
github.com/Golangcodes/nextdeploy/cli/internal/serverless/cloudflare.go:45.22,47.3 1 0
github.com/Golangcodes/nextdeploy/cli/internal/serverless/cloudflare.go:49.2,50.51 2 0
github.com/Golangcodes/nextdeploy/cli/internal/serverless/cloudflare.go:50.51,52.3 1 0
github.com/Golangcodes/nextdeploy/cli/internal/serverless/cloudflare.go:53.2,53.23 1 0
github.com/Golangcodes/nextdeploy/cli/internal/serverless/cloudflare.go:53.23,55.3 1 0
github.com/Golangcodes/nextdeploy/cli/internal/serverless/cloudflare.go:58.2,61.85 2 0
github.com/Golangcodes/nextdeploy/cli/internal/serverless/cloudflare.go:61.85,63.3 1 0
github.com/Golangcodes/nextdeploy/cli/internal/serverless/cloudflare.go:64.2,64.21 1 0
github.com/Golangcodes/nextdeploy/cli/internal/serverless/cloudflare.go:64.21,66.3 1 0
github.com/Golangcodes/nextdeploy/cli/internal/serverless/cloudflare.go:68.2,69.12 2 0
github.com/Golangcodes/nextdeploy/cli/internal/serverless/cloudflare.go:73.162,77.64 3 0
github.com/Golangcodes/nextdeploy/cli/internal/serverless/cloudflare.go:77.64,79.3 1 0
github.com/Golangcodes/nextdeploy/cli/internal/serverless/cloudflare.go:81.2,81.37 1 0
github.com/Golangcodes/nextdeploy/cli/internal/serverless/cloudflare.go:81.37,82.104 1 0
github.com/Golangcodes/nextdeploy/cli/internal/serverless/cloudflare.go:82.104,84.4 1 0
github.com/Golangcodes/nextdeploy/cli/internal/serverless/cloudflare.go:87.2,88.12 2 0
github.com/Golangcodes/nextdeploy/cli/internal/serverless/cloudflare.go:92.163,97.16 4 0
github.com/Golangcodes/nextdeploy/cli/internal/serverless/cloudflare.go:97.16,99.3 1 0
github.com/Golangcodes/nextdeploy/cli/internal/serverless/cloudflare.go:102.2,102.69 1 0
github.com/Golangcodes/nextdeploy/cli/internal/serverless/cloudflare.go:102.69,104.3 1 0
github.com/Golangcodes/nextdeploy/cli/internal/serverless/cloudflare.go:106.2,110.80 3 0
github.com/Golangcodes/nextdeploy/cli/internal/serverless/cloudflare.go:110.80,112.3 1 0
github.com/Golangcodes/nextdeploy/cli/internal/serverless/cloudflare.go:115.2,115.26 1 0
github.com/Golangcodes/nextdeploy/cli/internal/serverless/cloudflare.go:115.26,116.78 1 0
github.com/Golangcodes/nextdeploy/cli/internal/serverless/cloudflare.go:116.78,118.4 1 0
github.com/Golangcodes/nextdeploy/cli/internal/serverless/cloudflare.go:121.2,121.12 1 0
github.com/Golangcodes/nextdeploy/cli/internal/serverless/cloudflare.go:125.114,126.23 1 0
github.com/Golangcodes/nextdeploy/cli/internal/serverless/cloudflare.go:126.23,128.3 1 0
github.com/Golangcodes/nextdeploy/cli/internal/serverless/cloudflare.go:129.2,132.34 3 0
github.com/Golangcodes/nextdeploy/cli/internal/serverless/cloudflare.go:132.34,133.72 1 0
github.com/Golangcodes/nextdeploy/cli/internal/serverless/cloudflare.go:133.72,135.4 1 0
github.com/Golangcodes/nextdeploy/cli/internal/serverless/cloudflare.go:137.2,137.12 1 0
github.com/Golangcodes/nextdeploy/cli/internal/serverless/cloudflare.go:141.105,151.67 4 0
github.com/Golangcodes/nextdeploy/cli/internal/serverless/cloudflare.go:151.67,153.3 1 0
github.com/Golangcodes/nextdeploy/cli/internal/serverless/cloudflare.go:155.2,156.34 2 0
github.com/Golangcodes/nextdeploy/cli/internal/serverless/cloudflare.go:156.34,158.3 1 0
github.com/Golangcodes/nextdeploy/cli/internal/serverless/cloudflare.go:159.2,159.17 1 0
github.com/Golangcodes/nextdeploy/cli/internal/serverless/cloudflare.go:163.95,165.2 1 0
github.com/Golangcodes/nextdeploy/cli/internal/serverless/cloudflare.go:168.90,172.2 3 0
github.com/Golangcodes/nextdeploy/cli/internal/serverless/cloudflare.go:175.103,176.26 1 0
github.com/Golangcodes/nextdeploy/cli/internal/serverless/cloudflare.go:176.26,179.3 2 0
github.com/Golangcodes/nextdeploy/cli/internal/serverless/cloudflare.go:181.2,182.16 2 0
github.com/Golangcodes/nextdeploy/cli/internal/serverless/cloudflare.go:182.16,184.3 1 0
github.com/Golangcodes/nextdeploy/cli/internal/serverless/cloudflare.go:186.2,188.65 3 0
github.com/Golangcodes/nextdeploy/cli/internal/serverless/cloudflare.go:188.65,190.3 1 0
github.com/Golangcodes/nextdeploy/cli/internal/serverless/cloudflare.go:192.2,193.12 2 0
github.com/Golangcodes/nextdeploy/cli/internal/serverless/cloudflare.go:199.118,200.25 1 0
github.com/Golangcodes/nextdeploy/cli/internal/serverless/cloudflare.go:200.25,202.3 1 0
github.com/Golangcodes/nextdeploy/cli/internal/serverless/cloudflare.go:203.2,204.16 2 0
github.com/Golangcodes/nextdeploy/cli/internal/serverless/cloudflare.go:204.16,206.3 1 0
github.com/Golangcodes/nextdeploy/cli/internal/serverless/cloudflare.go:207.2,224.75 5 0
github.com/Golangcodes/nextdeploy/cli/internal/serverless/cloudflare.go:224.75,226.3 1 0
github.com/Golangcodes/nextdeploy/cli/internal/serverless/cloudflare.go:228.2,229.32 2 0
github.com/Golangcodes/nextdeploy/cli/internal/serverless/cloudflare.go:229.32,231.3 1 0
github.com/Golangcodes/nextdeploy/cli/internal/serverless/cloudflare.go:234.2,243.69 4 0
github.com/Golangcodes/nextdeploy/cli/internal/serverless/cloudflare.go:243.69,245.3 1 0
github.com/Golangcodes/nextdeploy/cli/internal/serverless/cloudflare.go:247.2,248.12 2 0
github.com/Golangcodes/nextdeploy/cli/internal/serverless/cloudflare.go:252.95,264.2 8 0
github.com/Golangcodes/nextdeploy/cli/internal/serverless/cloudflare.go:267.127,276.2 1 0
github.com/Golangcodes/nextdeploy/cli/internal/serverless/cloudflare.go:280.81,282.2 1 0
github.com/Golangcodes/nextdeploy/cli/internal/serverless/cloudflare.go:284.74,286.2 1 0
github.com/Golangcodes/nextdeploy/cli/internal/serverless/cloudflare.go:288.81,290.2 1 0
github.com/Golangcodes/nextdeploy/cli/internal/serverless/cloudflare.go:292.123,294.17 2 0
github.com/Golangcodes/nextdeploy/cli/internal/serverless/cloudflare.go:294.17,296.17 2 0
github.com/Golangcodes/nextdeploy/cli/internal/serverless/cloudflare.go:296.17,298.4 1 0
github.com/Golangcodes/nextdeploy/cli/internal/serverless/cloudflare.go:299.3,299.31 1 0
github.com/Golangcodes/nextdeploy/cli/internal/serverless/cloudflare.go:302.2,303.16 2 0
github.com/Golangcodes/nextdeploy/cli/internal/serverless/cloudflare.go:303.16,305.3 1 0
github.com/Golangcodes/nextdeploy/cli/internal/serverless/cloudflare.go:306.2,310.16 4 0
github.com/Golangcodes/nextdeploy/cli/internal/serverless/cloudflare.go:310.16,312.3 1 0
github.com/Golangcodes/nextdeploy/cli/internal/serverless/cloudflare.go:313.2,315.28 2 0
github.com/Golangcodes/nextdeploy/cli/internal/serverless/cloudflare.go:315.28,318.3 2 0
github.com/Golangcodes/nextdeploy/cli/internal/serverless/cloudflare.go:320.2,320.16 1 0
github.com/Golangcodes/nextdeploy/cli/internal/serverless/cloudflare.go:320.16,322.3 1 0
github.com/Golangcodes/nextdeploy/cli/internal/serverless/cloudflare.go:323.2,323.12 1 0
github.com/Golangcodes/nextdeploy/cli/internal/serverless/cloudflare.go:326.91,330.16 4 0
github.com/Golangcodes/nextdeploy/cli/internal/serverless/cloudflare.go:330.16,332.3 1 0
github.com/Golangcodes/nextdeploy/cli/internal/serverless/cloudflare.go:333.2,333.124 1 0
github.com/Golangcodes/nextdeploy/cli/internal/serverless/cloudflare.go:336.111,338.16 2 0
github.com/Golangcodes/nextdeploy/cli/internal/serverless/cloudflare.go:338.16,340.3 1 0
github.com/Golangcodes/nextdeploy/cli/internal/serverless/cloudflare.go:342.2,346.16 2 0
github.com/Golangcodes/nextdeploy/cli/internal/serverless/cloudflare.go:346.16,348.3 1 0
github.com/Golangcodes/nextdeploy/cli/internal/serverless/cloudflare.go:349.2,353.16 4 0
github.com/Golangcodes/nextdeploy/cli/internal/serverless/cloudflare.go:353.16,355.3 1 0
github.com/Golangcodes/nextdeploy/cli/internal/serverless/cloudflare.go:356.2,358.28 2 0
github.com/Golangcodes/nextdeploy/cli/internal/serverless/cloudflare.go:358.28,361.3 2 0
github.com/Golangcodes/nextdeploy/cli/internal/serverless/cloudflare.go:362.2,362.12 1 0
github.com/Golangcodes/nextdeploy/cli/internal/serverless/cloudflare.go:365.103,393.16 11 0
github.com/Golangcodes/nextdeploy/cli/internal/serverless/cloudflare.go:393.16,395.3 1 0
github.com/Golangcodes/nextdeploy/cli/internal/serverless/cloudflare.go:396.2,400.16 4 0
github.com/Golangcodes/nextdeploy/cli/internal/serverless/cloudflare.go:400.16,402.3 1 0
github.com/Golangcodes/nextdeploy/cli/internal/serverless/cloudflare.go:403.2,405.28 2 0
github.com/Golangcodes/nextdeploy/cli/internal/serverless/cloudflare.go:405.28,408.3 2 0
github.com/Golangcodes/nextdeploy/cli/internal/serverless/cloudflare.go:409.2,409.12 1 0
github.com/Golangcodes/nextdeploy/cli/internal/serverless/cloudflare.go:412.116,420.2 3 0
github.com/Golangcodes/nextdeploy/cli/internal/serverless/cloudflare.go:422.102,424.16 2 0
github.com/Golangcodes/nextdeploy/cli/internal/serverless/cloudflare.go:424.16,426.3 1 0
github.com/Golangcodes/nextdeploy/cli/internal/serverless/cloudflare.go:428.2,433.49 3 0
github.com/Golangcodes/nextdeploy/cli/internal/serverless/cloudflare.go:436.104,440.2 3 0
github.com/Golangcodes/nextdeploy/cli/internal/serverless/cloudflare.go:442.92,449.101 2 0
github.com/Golangcodes/nextdeploy/cli/internal/serverless/cloudflare.go:449.101,451.3 1 0
github.com/Golangcodes/nextdeploy/cli/internal/serverless/cloudflare.go:452.2,452.29 1 0
github.com/Golangcodes/nextdeploy/cli/internal/serverless/cloudflare.go:452.29,454.3 1 0
github.com/Golangcodes/nextdeploy/cli/internal/serverless/cloudflare.go:455.2,455.33 1 0
github.com/Golangcodes/nextdeploy/cli/internal/serverless/deploy.go:19.63,20.22 1 0
github.com/Golangcodes/nextdeploy/cli/internal/serverless/deploy.go:21.13,22.38 1 0
github.com/Golangcodes/nextdeploy/cli/internal/serverless/deploy.go:23.20,24.38 1 0
github.com/Golangcodes/nextdeploy/cli/internal/serverless/deploy.go:25.10,26.107 1 0
github.com/Golangcodes/nextdeploy/cli/internal/serverless/deploy.go:36.116,41.16 3 0
github.com/Golangcodes/nextdeploy/cli/internal/serverless/deploy.go:41.16,43.3 1 0
github.com/Golangcodes/nextdeploy/cli/internal/serverless/deploy.go:45.2,45.47 1 0
github.com/Golangcodes/nextdeploy/cli/internal/serverless/deploy.go:45.47,47.3 1 0
github.com/Golangcodes/nextdeploy/cli/internal/serverless/deploy.go:50.2,51.16 2 0
github.com/Golangcodes/nextdeploy/cli/internal/serverless/deploy.go:51.16,53.3 1 0
github.com/Golangcodes/nextdeploy/cli/internal/serverless/deploy.go:55.2,56.16 2 0
github.com/Golangcodes/nextdeploy/cli/internal/serverless/deploy.go:56.16,58.3 1 0
github.com/Golangcodes/nextdeploy/cli/internal/serverless/deploy.go:59.2,63.16 4 0
github.com/Golangcodes/nextdeploy/cli/internal/serverless/deploy.go:63.16,65.3 1 0
github.com/Golangcodes/nextdeploy/cli/internal/serverless/deploy.go:67.2,67.33 1 0
github.com/Golangcodes/nextdeploy/cli/internal/serverless/deploy.go:67.33,69.3 1 0
github.com/Golangcodes/nextdeploy/cli/internal/serverless/deploy.go:70.2,75.16 3 0
github.com/Golangcodes/nextdeploy/cli/internal/serverless/deploy.go:75.16,79.3 2 0
github.com/Golangcodes/nextdeploy/cli/internal/serverless/deploy.go:81.2,81.71 1 0
github.com/Golangcodes/nextdeploy/cli/internal/serverless/deploy.go:81.71,83.3 1 0
github.com/Golangcodes/nextdeploy/cli/internal/serverless/deploy.go:86.2,87.66 2 0
github.com/Golangcodes/nextdeploy/cli/internal/serverless/deploy.go:87.66,89.3 1 0
github.com/Golangcodes/nextdeploy/cli/internal/serverless/deploy.go:90.2,90.13 1 0
github.com/Golangcodes/nextdeploy/cli/internal/serverless/deploy.go:90.13,92.3 1 0
github.com/Golangcodes/nextdeploy/cli/internal/serverless/deploy.go:95.2,96.67 2 0
github.com/Golangcodes/nextdeploy/cli/internal/serverless/deploy.go:96.67,98.3 1 0
github.com/Golangcodes/nextdeploy/cli/internal/serverless/deploy.go:99.2,99.13 1 0
github.com/Golangcodes/nextdeploy/cli/internal/serverless/deploy.go:99.13,101.3 1 0
github.com/Golangcodes/nextdeploy/cli/internal/serverless/deploy.go:104.2,105.52 2 0
github.com/Golangcodes/nextdeploy/cli/internal/serverless/deploy.go:105.52,107.3 1 0
github.com/Golangcodes/nextdeploy/cli/internal/serverless/deploy.go:107.8,107.20 1 0
github.com/Golangcodes/nextdeploy/cli/internal/serverless/deploy.go:107.20,109.3 1 0
github.com/Golangcodes/nextdeploy/cli/internal/serverless/deploy.go:111.2,115.16 3 0
github.com/Golangcodes/nextdeploy/cli/internal/serverless/deploy.go:115.16,117.17 2 0
github.com/Golangcodes/nextdeploy/cli/internal/serverless/deploy.go:117.17,127.4 9 0
github.com/Golangcodes/nextdeploy/cli/internal/serverless/deploy.go:127.9,129.4 1 0
github.com/Golangcodes/nextdeploy/cli/internal/serverless/deploy.go:130.8,132.3 1 0
github.com/Golangcodes/nextdeploy/cli/internal/serverless/deploy.go:134.2,134.12 1 0
github.com/Golangcodes/nextdeploy/cli/internal/serverless/deploy.go:139.94,144.16 3 0
github.com/Golangcodes/nextdeploy/cli/internal/serverless/deploy.go:144.16,146.3 1 0
github.com/Golangcodes/nextdeploy/cli/internal/serverless/deploy.go:148.2,148.47 1 0
github.com/Golangcodes/nextdeploy/cli/internal/serverless/deploy.go:148.47,150.3 1 0
github.com/Golangcodes/nextdeploy/cli/internal/serverless/deploy.go:153.2,153.51 1 0
github.com/Golangcodes/nextdeploy/cli/internal/serverless/deploy.go:153.51,155.3 1 0
github.com/Golangcodes/nextdeploy/cli/internal/serverless/deploy.go:157.2,158.12 2 0
github.com/Golangcodes/nextdeploy/cli/internal/serverless/deploy.go:171.80,176.58 3 3
github.com/Golangcodes/nextdeploy/cli/internal/serverless/deploy.go:176.58,179.3 2 1
github.com/Golangcodes/nextdeploy/cli/internal/serverless/deploy.go:179.8,179.32 1 2
github.com/Golangcodes/nextdeploy/cli/internal/serverless/deploy.go:179.32,181.3 1 0
github.com/Golangcodes/nextdeploy/cli/internal/serverless/deploy.go:186.2,186.39 1 3
github.com/Golangcodes/nextdeploy/cli/internal/serverless/deploy.go:186.39,187.20 1 2
github.com/Golangcodes/nextdeploy/cli/internal/serverless/deploy.go:187.20,188.12 1 0
github.com/Golangcodes/nextdeploy/cli/internal/serverless/deploy.go:190.3,191.17 2 2
github.com/Golangcodes/nextdeploy/cli/internal/serverless/deploy.go:191.17,193.4 1 1
github.com/Golangcodes/nextdeploy/cli/internal/serverless/deploy.go:194.3,195.59 2 1
github.com/Golangcodes/nextdeploy/cli/internal/serverless/deploy.go:199.2,200.16 2 2
github.com/Golangcodes/nextdeploy/cli/internal/serverless/deploy.go:200.16,202.3 1 0
github.com/Golangcodes/nextdeploy/cli/internal/serverless/deploy.go:203.2,204.56 2 2
github.com/Golangcodes/nextdeploy/cli/internal/serverless/deploy.go:204.56,205.55 1 1
github.com/Golangcodes/nextdeploy/cli/internal/serverless/deploy.go:205.55,207.4 1 0
github.com/Golangcodes/nextdeploy/cli/internal/serverless/deploy.go:208.3,210.65 3 1
github.com/Golangcodes/nextdeploy/cli/internal/serverless/deploy.go:213.2,214.20 2 2
github.com/Golangcodes/nextdeploy/cli/internal/serverless/deploy.go:218.44,219.24 1 3
github.com/Golangcodes/nextdeploy/cli/internal/serverless/deploy.go:219.24,221.3 1 9
github.com/Golangcodes/nextdeploy/cli/internal/serverless/resource_view.go:53.55,54.45 1 0
github.com/Golangcodes/nextdeploy/cli/internal/serverless/resource_view.go:54.45,56.5 1 0
github.com/Golangcodes/nextdeploy/cli/internal/serverless/resource_view.go:57.4,57.45 1 0
github.com/Golangcodes/nextdeploy/cli/internal/serverless/resource_view.go:67.55,69.4 1 0
github.com/Golangcodes/nextdeploy/cli/internal/serverless/resource_view.go:79.55,81.4 1 0
github.com/Golangcodes/nextdeploy/cli/internal/serverless/resource_view.go:90.55,92.4 1 0
github.com/Golangcodes/nextdeploy/cli/internal/serverless/resource_view.go:101.55,103.4 1 0
github.com/Golangcodes/nextdeploy/cli/internal/serverless/resource_view.go:696.99,704.34 5 0
github.com/Golangcodes/nextdeploy/cli/internal/serverless/resource_view.go:705.28,708.40 3 0
github.com/Golangcodes/nextdeploy/cli/internal/serverless/resource_view.go:709.16,712.34 3 0
github.com/Golangcodes/nextdeploy/cli/internal/serverless/resource_view.go:716.2,717.39 2 0
github.com/Golangcodes/nextdeploy/cli/internal/serverless/resource_view.go:717.39,726.3 1 0
github.com/Golangcodes/nextdeploy/cli/internal/serverless/resource_view.go:726.8,728.19 2 0
github.com/Golangcodes/nextdeploy/cli/internal/serverless/resource_view.go:728.19,730.4 1 0
github.com/Golangcodes/nextdeploy/cli/internal/serverless/resource_view.go:731.3,738.26 1 0
github.com/Golangcodes/nextdeploy/cli/internal/serverless/resource_view.go:742.2,743.47 2 0
github.com/Golangcodes/nextdeploy/cli/internal/serverless/resource_view.go:743.47,745.41 2 0
github.com/Golangcodes/nextdeploy/cli/internal/serverless/resource_view.go:745.41,747.4 1 0
github.com/Golangcodes/nextdeploy/cli/internal/serverless/resource_view.go:748.3,752.5 1 0
github.com/Golangcodes/nextdeploy/cli/internal/serverless/resource_view.go:756.2,757.39 2 0
github.com/Golangcodes/nextdeploy/cli/internal/serverless/resource_view.go:757.39,760.40 2 0
github.com/Golangcodes/nextdeploy/cli/internal/serverless/resource_view.go:760.40,763.4 1 0
github.com/Golangcodes/nextdeploy/cli/internal/serverless/resource_view.go:766.2,767.25 2 0
github.com/Golangcodes/nextdeploy/cli/internal/serverless/resource_view.go:767.25,769.3 1 0
github.com/Golangcodes/nextdeploy/cli/internal/serverless/resource_view.go:772.2,800.59 3 0
github.com/Golangcodes/nextdeploy/cli/internal/serverless/resource_view.go:800.59,802.3 1 0
github.com/Golangcodes/nextdeploy/cli/internal/serverless/resource_view.go:804.2,810.68 4 0
github.com/Golangcodes/nextdeploy/cli/internal/serverless/resource_view.go:810.68,812.3 1 0
github.com/Golangcodes/nextdeploy/cli/internal/serverless/resource_view.go:815.2,818.24 3 0
github.com/Golangcodes/nextdeploy/cli/internal/serverless/resource_view.go:822.54,823.57 1 0
github.com/Golangcodes/nextdeploy/cli/internal/serverless/resource_view.go:823.57,825.3 1 0
github.com/Golangcodes/nextdeploy/cli/internal/serverless/resource_view.go:826.2,826.34 1 0
github.com/Golangcodes/nextdeploy/cli/internal/serverless/resource_view.go:830.66,843.39 10 0
github.com/Golangcodes/nextdeploy/cli/internal/serverless/resource_view.go:843.39,846.48 3 0
github.com/Golangcodes/nextdeploy/cli/internal/serverless/resource_view.go:846.48,848.4 1 0
github.com/Golangcodes/nextdeploy/cli/internal/serverless/resource_view.go:849.3,849.26 1 0
github.com/Golangcodes/nextdeploy/cli/internal/serverless/resource_view.go:852.2,852.20 1 0
